2013-04-02 14:54:58,239 - Default ResourceManager initializing. (class org.apache.velocity.runtime.resource.ResourceManagerImpl)
2013-04-02 14:54:58,239 - Resource Loader Instantiated: org.apache.velocity.runtime.resource.loader.ClasspathResourceLoader
2013-04-02 14:54:58,239 - ClasspathResourceLoader : initialization starting.
2013-04-02 14:54:58,239 - ClasspathResourceLoader : initialization complete.
2013-04-02 14:54:58,239 - ResourceCache : initialized. (class org.apache.velocity.runtime.resource.ResourceCacheImpl)
2013-04-02 14:54:58,239 - Default ResourceManager initialization complete.
2013-04-02 14:54:58,239 - Loaded System Directive: org.apache.velocity.runtime.directive.Literal
2013-04-02 14:54:58,239 - Loaded System Directive: org.apache.velocity.runtime.directive.Macro
2013-04-02 14:54:58,239 - Loaded System Directive: org.apache.velocity.runtime.directive.Parse
2013-04-02 14:54:58,239 - Loaded System Directive: org.apache.velocity.runtime.directive.Include
2013-04-02 14:54:58,255 - Loaded System Directive: org.apache.velocity.runtime.directive.Foreach
2013-04-02 14:54:58,286 - Created: 20 parsers.
2013-04-02 14:54:58,286 - Velocimacro : initialization starting.
2013-04-02 14:54:58,286 - Velocimacro : adding VMs from VM library template : VM_global_library.vm
2013-04-02 14:54:58,302 - ResourceManager : unable to find resource 'VM_global_library.vm' in any resource loader.
2013-04-02 14:54:58,302 - Velocimacro : error using  VM library template VM_global_library.vm : org.apache.velocity.exception.ResourceNotFoundException: Unable to find resource 'VM_global_library.vm'
2013-04-02 14:54:58,302 - Velocimacro :  VM library template macro registration complete.
2013-04-02 14:54:58,302 - Velocimacro : allowInline = true : VMs can be defined inline in templates
2013-04-02 14:54:58,302 - Velocimacro : allowInlineToOverride = false : VMs defined inline may NOT replace previous VM definitions
2013-04-02 14:54:58,302 - Velocimacro : allowInlineLocal = false : VMs defined inline will be  global in scope if allowed.
2013-04-02 14:54:58,302 - Velocimacro : messages on  : VM system will output logging messages
2013-04-02 14:54:58,302 - Velocimacro : autoload off  : VM system will not automatically reload global library macros
2013-04-02 14:54:58,302 - Velocimacro : initialization complete.
2013-04-02 14:54:58,302 - Velocity successfully started.
2013-04-02 15:03:34,701 - SimpleLog4JLogSystem initialized using logfile 'velocity.log'
2013-04-02 15:03:34,701 - ************************************************************** 
2013-04-02 15:03:34,701 - Starting Jakarta Velocity v1.4
2013-04-02 15:03:34,701 - RuntimeInstance initializing.
2013-04-02 15:03:34,701 - Default Properties File: org\apache\velocity\runtime\defaults\velocity.properties
2013-04-02 15:03:34,701 - Trying to use logger class org.apache.velocity.runtime.log.SimpleLog4JLogSystem
2013-04-02 15:03:34,701 - Using logger class org.apache.velocity.runtime.log.SimpleLog4JLogSystem
2013-04-02 15:03:34,701 - Default ResourceManager initializing. (class org.apache.velocity.runtime.resource.ResourceManagerImpl)
2013-04-02 15:03:34,717 - Resource Loader Instantiated: org.apache.velocity.runtime.resource.loader.ClasspathResourceLoader
2013-04-02 15:03:34,717 - ClasspathResourceLoader : initialization starting.
2013-04-02 15:03:34,717 - ClasspathResourceLoader : initialization complete.
2013-04-02 15:03:34,717 - ResourceCache : initialized. (class org.apache.velocity.runtime.resource.ResourceCacheImpl)
2013-04-02 15:03:34,717 - Default ResourceManager initialization complete.
2013-04-02 15:03:34,717 - Loaded System Directive: org.apache.velocity.runtime.directive.Literal
2013-04-02 15:03:34,717 - Loaded System Directive: org.apache.velocity.runtime.directive.Macro
2013-04-02 15:03:34,717 - Loaded System Directive: org.apache.velocity.runtime.directive.Parse
2013-04-02 15:03:34,717 - Loaded System Directive: org.apache.velocity.runtime.directive.Include
2013-04-02 15:03:34,717 - Loaded System Directive: org.apache.velocity.runtime.directive.Foreach
2013-04-02 15:03:34,748 - Created: 20 parsers.
2013-04-02 15:03:34,763 - Velocimacro : initialization starting.
2013-04-02 15:03:34,763 - Velocimacro : adding VMs from VM library template : VM_global_library.vm
2013-04-02 15:03:34,779 - ResourceManager : unable to find resource 'VM_global_library.vm' in any resource loader.
2013-04-02 15:03:34,779 - Velocimacro : error using  VM library template VM_global_library.vm : org.apache.velocity.exception.ResourceNotFoundException: Unable to find resource 'VM_global_library.vm'
2013-04-02 15:03:34,779 - Velocimacro :  VM library template macro registration complete.
2013-04-02 15:03:34,779 - Velocimacro : allowInline = true : VMs can be defined inline in templates
2013-04-02 15:03:34,779 - Velocimacro : allowInlineToOverride = false : VMs defined inline may NOT replace previous VM definitions
2013-04-02 15:03:34,779 - Velocimacro : allowInlineLocal = false : VMs defined inline will be  global in scope if allowed.
2013-04-02 15:03:34,779 - Velocimacro : messages on  : VM system will output logging messages
2013-04-02 15:03:34,779 - Velocimacro : autoload off  : VM system will not automatically reload global library macros
2013-04-02 15:03:34,779 - Velocimacro : initialization complete.
2013-04-02 15:03:34,779 - Velocity successfully started.
2013-04-02 15:14:35,919 - ResourceManager : found repast/simphony/scenario/Scenario.vt with loader org.apache.velocity.runtime.resource.loader.ClasspathResourceLoader
2013-04-02 15:14:35,950 - ResourceManager : found repast/simphony/parameter/parameters.vt with loader org.apache.velocity.runtime.resource.loader.ClasspathResourceLoader
2013-04-02 15:23:57,746 - SimpleLog4JLogSystem initialized using logfile 'velocity.log'
2013-04-02 15:23:57,746 - ************************************************************** 
2013-04-02 15:23:57,746 - Starting Jakarta Velocity v1.4
2013-04-02 15:23:57,746 - RuntimeInstance initializing.
2013-04-02 15:23:57,746 - Default Properties File: org\apache\velocity\runtime\defaults\velocity.properties
2013-04-02 15:23:57,746 - Trying to use logger class org.apache.velocity.runtime.log.SimpleLog4JLogSystem
2013-04-02 15:23:57,746 - Using logger class org.apache.velocity.runtime.log.SimpleLog4JLogSystem
2013-04-02 15:23:57,746 - Default ResourceManager initializing. (class org.apache.velocity.runtime.resource.ResourceManagerImpl)
2013-04-02 15:23:57,746 - Resource Loader Instantiated: org.apache.velocity.runtime.resource.loader.ClasspathResourceLoader
2013-04-02 15:23:57,746 - ClasspathResourceLoader : initialization starting.
2013-04-02 15:23:57,746 - ClasspathResourceLoader : initialization complete.
2013-04-02 15:23:57,746 - ResourceCache : initialized. (class org.apache.velocity.runtime.resource.ResourceCacheImpl)
2013-04-02 15:23:57,746 - Default ResourceManager initialization complete.
2013-04-02 15:23:57,746 - Loaded System Directive: org.apache.velocity.runtime.directive.Literal
2013-04-02 15:23:57,746 - Loaded System Directive: org.apache.velocity.runtime.directive.Macro
2013-04-02 15:23:57,762 - Loaded System Directive: org.apache.velocity.runtime.directive.Parse
2013-04-02 15:23:57,762 - Loaded System Directive: org.apache.velocity.runtime.directive.Include
2013-04-02 15:23:57,762 - Loaded System Directive: org.apache.velocity.runtime.directive.Foreach
2013-04-02 15:23:57,793 - Created: 20 parsers.
2013-04-02 15:23:57,793 - Velocimacro : initialization starting.
2013-04-02 15:23:57,793 - Velocimacro : adding VMs from VM library template : VM_global_library.vm
2013-04-02 15:23:57,808 - ResourceManager : unable to find resource 'VM_global_library.vm' in any resource loader.
2013-04-02 15:23:57,808 - Velocimacro : error using  VM library template VM_global_library.vm : org.apache.velocity.exception.ResourceNotFoundException: Unable to find resource 'VM_global_library.vm'
2013-04-02 15:23:57,808 - Velocimacro :  VM library template macro registration complete.
2013-04-02 15:23:57,808 - Velocimacro : allowInline = true : VMs can be defined inline in templates
2013-04-02 15:23:57,808 - Velocimacro : allowInlineToOverride = false : VMs defined inline may NOT replace previous VM definitions
2013-04-02 15:23:57,808 - Velocimacro : allowInlineLocal = false : VMs defined inline will be  global in scope if allowed.
2013-04-02 15:23:57,808 - Velocimacro : messages on  : VM system will output logging messages
2013-04-02 15:23:57,808 - Velocimacro : autoload off  : VM system will not automatically reload global library macros
2013-04-02 15:23:57,808 - Velocimacro : initialization complete.
2013-04-02 15:23:57,808 - Velocity successfully started.
2013-04-02 15:31:08,883 - SimpleLog4JLogSystem initialized using logfile 'velocity.log'
2013-04-02 15:31:08,883 - ************************************************************** 
2013-04-02 15:31:08,883 - Starting Jakarta Velocity v1.4
2013-04-02 15:31:08,883 - RuntimeInstance initializing.
2013-04-02 15:31:08,883 - Default Properties File: org\apache\velocity\runtime\defaults\velocity.properties
2013-04-02 15:31:08,883 - Trying to use logger class org.apache.velocity.runtime.log.SimpleLog4JLogSystem
2013-04-02 15:31:08,883 - Using logger class org.apache.velocity.runtime.log.SimpleLog4JLogSystem
2013-04-02 15:31:08,899 - Default ResourceManager initializing. (class org.apache.velocity.runtime.resource.ResourceManagerImpl)
2013-04-02 15:31:08,899 - Resource Loader Instantiated: org.apache.velocity.runtime.resource.loader.ClasspathResourceLoader
2013-04-02 15:31:08,899 - ClasspathResourceLoader : initialization starting.
2013-04-02 15:31:08,899 - ClasspathResourceLoader : initialization complete.
2013-04-02 15:31:08,899 - ResourceCache : initialized. (class org.apache.velocity.runtime.resource.ResourceCacheImpl)
2013-04-02 15:31:08,899 - Default ResourceManager initialization complete.
2013-04-02 15:31:08,899 - Loaded System Directive: org.apache.velocity.runtime.directive.Literal
2013-04-02 15:31:08,899 - Loaded System Directive: org.apache.velocity.runtime.directive.Macro
2013-04-02 15:31:08,899 - Loaded System Directive: org.apache.velocity.runtime.directive.Parse
2013-04-02 15:31:08,915 - Loaded System Directive: org.apache.velocity.runtime.directive.Include
2013-04-02 15:31:08,915 - Loaded System Directive: org.apache.velocity.runtime.directive.Foreach
2013-04-02 15:31:08,946 - Created: 20 parsers.
2013-04-02 15:31:08,946 - Velocimacro : initialization starting.
2013-04-02 15:31:08,946 - Velocimacro : adding VMs from VM library template : VM_global_library.vm
2013-04-02 15:31:08,961 - ResourceManager : unable to find resource 'VM_global_library.vm' in any resource loader.
2013-04-02 15:31:08,961 - Velocimacro : error using  VM library template VM_global_library.vm : org.apache.velocity.exception.ResourceNotFoundException: Unable to find resource 'VM_global_library.vm'
2013-04-02 15:31:08,961 - Velocimacro :  VM library template macro registration complete.
2013-04-02 15:31:08,961 - Velocimacro : allowInline = true : VMs can be defined inline in templates
2013-04-02 15:31:08,961 - Velocimacro : allowInlineToOverride = false : VMs defined inline may NOT replace previous VM definitions
2013-04-02 15:31:08,961 - Velocimacro : allowInlineLocal = false : VMs defined inline will be  global in scope if allowed.
2013-04-02 15:31:08,961 - Velocimacro : messages on  : VM system will output logging messages
2013-04-02 15:31:08,961 - Velocimacro : autoload off  : VM system will not automatically reload global library macros
2013-04-02 15:31:08,961 - Velocimacro : initialization complete.
2013-04-02 15:31:08,961 - Velocity successfully started.
2013-04-02 15:39:22,946 - ResourceManager : found repast/simphony/scenario/Scenario.vt with loader org.apache.velocity.runtime.resource.loader.ClasspathResourceLoader
2013-04-02 15:39:22,962 - ResourceManager : found repast/simphony/parameter/parameters.vt with loader org.apache.velocity.runtime.resource.loader.ClasspathResourceLoader
2013-04-02 15:40:34,475 - SimpleLog4JLogSystem initialized using logfile 'velocity.log'
2013-04-02 15:40:34,475 - ************************************************************** 
2013-04-02 15:40:34,475 - Starting Jakarta Velocity v1.4
2013-04-02 15:40:34,475 - RuntimeInstance initializing.
2013-04-02 15:40:34,475 - Default Properties File: org\apache\velocity\runtime\defaults\velocity.properties
2013-04-02 15:40:34,475 - Trying to use logger class org.apache.velocity.runtime.log.SimpleLog4JLogSystem
2013-04-02 15:40:34,475 - Using logger class org.apache.velocity.runtime.log.SimpleLog4JLogSystem
2013-04-02 15:40:34,475 - Default ResourceManager initializing. (class org.apache.velocity.runtime.resource.ResourceManagerImpl)
2013-04-02 15:40:34,475 - Resource Loader Instantiated: org.apache.velocity.runtime.resource.loader.ClasspathResourceLoader
2013-04-02 15:40:34,475 - ClasspathResourceLoader : initialization starting.
2013-04-02 15:40:34,475 - ClasspathResourceLoader : initialization complete.
2013-04-02 15:40:34,475 - ResourceCache : initialized. (class org.apache.velocity.runtime.resource.ResourceCacheImpl)
2013-04-02 15:40:34,475 - Default ResourceManager initialization complete.
2013-04-02 15:40:34,475 - Loaded System Directive: org.apache.velocity.runtime.directive.Literal
2013-04-02 15:40:34,490 - Loaded System Directive: org.apache.velocity.runtime.directive.Macro
2013-04-02 15:40:34,490 - Loaded System Directive: org.apache.velocity.runtime.directive.Parse
2013-04-02 15:40:34,490 - Loaded System Directive: org.apache.velocity.runtime.directive.Include
2013-04-02 15:40:34,490 - Loaded System Directive: org.apache.velocity.runtime.directive.Foreach
2013-04-02 15:40:34,522 - Created: 20 parsers.
2013-04-02 15:40:34,537 - Velocimacro : initialization starting.
2013-04-02 15:40:34,537 - Velocimacro : adding VMs from VM library template : VM_global_library.vm
2013-04-02 15:40:34,537 - ResourceManager : unable to find resource 'VM_global_library.vm' in any resource loader.
2013-04-02 15:40:34,537 - Velocimacro : error using  VM library template VM_global_library.vm : org.apache.velocity.exception.ResourceNotFoundException: Unable to find resource 'VM_global_library.vm'
2013-04-02 15:40:34,537 - Velocimacro :  VM library template macro registration complete.
2013-04-02 15:40:34,537 - Velocimacro : allowInline = true : VMs can be defined inline in templates
2013-04-02 15:40:34,537 - Velocimacro : allowInlineToOverride = false : VMs defined inline may NOT replace previous VM definitions
2013-04-02 15:40:34,537 - Velocimacro : allowInlineLocal = false : VMs defined inline will be  global in scope if allowed.
2013-04-02 15:40:34,537 - Velocimacro : messages on  : VM system will output logging messages
2013-04-02 15:40:34,537 - Velocimacro : autoload off  : VM system will not automatically reload global library macros
2013-04-02 15:40:34,537 - Velocimacro : initialization complete.
2013-04-02 15:40:34,537 - Velocity successfully started.
2013-04-02 15:45:25,189 - SimpleLog4JLogSystem initialized using logfile 'velocity.log'
2013-04-02 15:45:25,189 - ************************************************************** 
2013-04-02 15:45:25,189 - Starting Jakarta Velocity v1.4
2013-04-02 15:45:25,189 - RuntimeInstance initializing.
2013-04-02 15:45:25,189 - Default Properties File: org\apache\velocity\runtime\defaults\velocity.properties
2013-04-02 15:45:25,189 - Trying to use logger class org.apache.velocity.runtime.log.SimpleLog4JLogSystem
2013-04-02 15:45:25,189 - Using logger class org.apache.velocity.runtime.log.SimpleLog4JLogSystem
2013-04-02 15:45:25,189 - Default ResourceManager initializing. (class org.apache.velocity.runtime.resource.ResourceManagerImpl)
2013-04-02 15:45:25,205 - Resource Loader Instantiated: org.apache.velocity.runtime.resource.loader.ClasspathResourceLoader
2013-04-02 15:45:25,205 - ClasspathResourceLoader : initialization starting.
2013-04-02 15:45:25,205 - ClasspathResourceLoader : initialization complete.
2013-04-02 15:45:25,205 - ResourceCache : initialized. (class org.apache.velocity.runtime.resource.ResourceCacheImpl)
2013-04-02 15:45:25,205 - Default ResourceManager initialization complete.
2013-04-02 15:45:25,205 - Loaded System Directive: org.apache.velocity.runtime.directive.Literal
2013-04-02 15:45:25,205 - Loaded System Directive: org.apache.velocity.runtime.directive.Macro
2013-04-02 15:45:25,205 - Loaded System Directive: org.apache.velocity.runtime.directive.Parse
2013-04-02 15:45:25,205 - Loaded System Directive: org.apache.velocity.runtime.directive.Include
2013-04-02 15:45:25,205 - Loaded System Directive: org.apache.velocity.runtime.directive.Foreach
2013-04-02 15:45:25,236 - Created: 20 parsers.
2013-04-02 15:45:25,252 - Velocimacro : initialization starting.
2013-04-02 15:45:25,252 - Velocimacro : adding VMs from VM library template : VM_global_library.vm
2013-04-02 15:45:25,252 - ResourceManager : unable to find resource 'VM_global_library.vm' in any resource loader.
2013-04-02 15:45:25,252 - Velocimacro : error using  VM library template VM_global_library.vm : org.apache.velocity.exception.ResourceNotFoundException: Unable to find resource 'VM_global_library.vm'
2013-04-02 15:45:25,252 - Velocimacro :  VM library template macro registration complete.
2013-04-02 15:45:25,252 - Velocimacro : allowInline = true : VMs can be defined inline in templates
2013-04-02 15:45:25,252 - Velocimacro : allowInlineToOverride = false : VMs defined inline may NOT replace previous VM definitions
2013-04-02 15:45:25,252 - Velocimacro : allowInlineLocal = false : VMs defined inline will be  global in scope if allowed.
2013-04-02 15:45:25,252 - Velocimacro : messages on  : VM system will output logging messages
2013-04-02 15:45:25,252 - Velocimacro : autoload off  : VM system will not automatically reload global library macros
2013-04-02 15:45:25,252 - Velocimacro : initialization complete.
2013-04-02 15:45:25,252 - Velocity successfully started.
2013-04-02 15:50:23,134 - SimpleLog4JLogSystem initialized using logfile 'velocity.log'
2013-04-02 15:50:23,134 - ************************************************************** 
2013-04-02 15:50:23,134 - Starting Jakarta Velocity v1.4
2013-04-02 15:50:23,134 - RuntimeInstance initializing.
2013-04-02 15:50:23,134 - Default Properties File: org\apache\velocity\runtime\defaults\velocity.properties
2013-04-02 15:50:23,134 - Trying to use logger class org.apache.velocity.runtime.log.SimpleLog4JLogSystem
2013-04-02 15:50:23,134 - Using logger class org.apache.velocity.runtime.log.SimpleLog4JLogSystem
2013-04-02 15:50:23,134 - Default ResourceManager initializing. (class org.apache.velocity.runtime.resource.ResourceManagerImpl)
2013-04-02 15:50:23,150 - Resource Loader Instantiated: org.apache.velocity.runtime.resource.loader.ClasspathResourceLoader
2013-04-02 15:50:23,150 - ClasspathResourceLoader : initialization starting.
2013-04-02 15:50:23,150 - ClasspathResourceLoader : initialization complete.
2013-04-02 15:50:23,150 - ResourceCache : initialized. (class org.apache.velocity.runtime.resource.ResourceCacheImpl)
2013-04-02 15:50:23,150 - Default ResourceManager initialization complete.
2013-04-02 15:50:23,150 - Loaded System Directive: org.apache.velocity.runtime.directive.Literal
2013-04-02 15:50:23,150 - Loaded System Directive: org.apache.velocity.runtime.directive.Macro
2013-04-02 15:50:23,150 - Loaded System Directive: org.apache.velocity.runtime.directive.Parse
2013-04-02 15:50:23,150 - Loaded System Directive: org.apache.velocity.runtime.directive.Include
2013-04-02 15:50:23,150 - Loaded System Directive: org.apache.velocity.runtime.directive.Foreach
2013-04-02 15:50:23,181 - Created: 20 parsers.
2013-04-02 15:50:23,196 - Velocimacro : initialization starting.
2013-04-02 15:50:23,196 - Velocimacro : adding VMs from VM library template : VM_global_library.vm
2013-04-02 15:50:23,196 - ResourceManager : unable to find resource 'VM_global_library.vm' in any resource loader.
2013-04-02 15:50:23,212 - Velocimacro : error using  VM library template VM_global_library.vm : org.apache.velocity.exception.ResourceNotFoundException: Unable to find resource 'VM_global_library.vm'
2013-04-02 15:50:23,212 - Velocimacro :  VM library template macro registration complete.
2013-04-02 15:50:23,212 - Velocimacro : allowInline = true : VMs can be defined inline in templates
2013-04-02 15:50:23,212 - Velocimacro : allowInlineToOverride = false : VMs defined inline may NOT replace previous VM definitions
2013-04-02 15:50:23,212 - Velocimacro : allowInlineLocal = false : VMs defined inline will be  global in scope if allowed.
2013-04-02 15:50:23,212 - Velocimacro : messages on  : VM system will output logging messages
2013-04-02 15:50:23,212 - Velocimacro : autoload off  : VM system will not automatically reload global library macros
2013-04-02 15:50:23,212 - Velocimacro : initialization complete.
2013-04-02 15:50:23,212 - Velocity successfully started.
2013-04-02 15:53:16,280 - ResourceManager : found repast/simphony/scenario/Scenario.vt with loader org.apache.velocity.runtime.resource.loader.ClasspathResourceLoader
2013-04-02 15:53:16,300 - ResourceManager : found repast/simphony/parameter/parameters.vt with loader org.apache.velocity.runtime.resource.loader.ClasspathResourceLoader
2013-04-02 15:53:54,838 - ResourceManager : found repast/simphony/scenario/Scenario.vt with loader org.apache.velocity.runtime.resource.loader.ClasspathResourceLoader
2013-04-02 15:53:54,854 - ResourceManager : found repast/simphony/parameter/parameters.vt with loader org.apache.velocity.runtime.resource.loader.ClasspathResourceLoader
2013-04-02 15:56:37,693 - SimpleLog4JLogSystem initialized using logfile 'velocity.log'
2013-04-02 15:56:37,693 - ************************************************************** 
2013-04-02 15:56:37,693 - Starting Jakarta Velocity v1.4
2013-04-02 15:56:37,693 - RuntimeInstance initializing.
2013-04-02 15:56:37,693 - Default Properties File: org\apache\velocity\runtime\defaults\velocity.properties
2013-04-02 15:56:37,693 - Trying to use logger class org.apache.velocity.runtime.log.SimpleLog4JLogSystem
2013-04-02 15:56:37,693 - Using logger class org.apache.velocity.runtime.log.SimpleLog4JLogSystem
2013-04-02 15:56:37,693 - Default ResourceManager initializing. (class org.apache.velocity.runtime.resource.ResourceManagerImpl)
2013-04-02 15:56:37,693 - Resource Loader Instantiated: org.apache.velocity.runtime.resource.loader.ClasspathResourceLoader
2013-04-02 15:56:37,693 - ClasspathResourceLoader : initialization starting.
2013-04-02 15:56:37,693 - ClasspathResourceLoader : initialization complete.
2013-04-02 15:56:37,693 - ResourceCache : initialized. (class org.apache.velocity.runtime.resource.ResourceCacheImpl)
2013-04-02 15:56:37,693 - Default ResourceManager initialization complete.
2013-04-02 15:56:37,708 - Loaded System Directive: org.apache.velocity.runtime.directive.Literal
2013-04-02 15:56:37,708 - Loaded System Directive: org.apache.velocity.runtime.directive.Macro
2013-04-02 15:56:37,708 - Loaded System Directive: org.apache.velocity.runtime.directive.Parse
2013-04-02 15:56:37,708 - Loaded System Directive: org.apache.velocity.runtime.directive.Include
2013-04-02 15:56:37,708 - Loaded System Directive: org.apache.velocity.runtime.directive.Foreach
2013-04-02 15:56:37,739 - Created: 20 parsers.
2013-04-02 15:56:37,755 - Velocimacro : initialization starting.
2013-04-02 15:56:37,755 - Velocimacro : adding VMs from VM library template : VM_global_library.vm
2013-04-02 15:56:37,771 - ResourceManager : unable to find resource 'VM_global_library.vm' in any resource loader.
2013-04-02 15:56:37,771 - Velocimacro : error using  VM library template VM_global_library.vm : org.apache.velocity.exception.ResourceNotFoundException: Unable to find resource 'VM_global_library.vm'
2013-04-02 15:56:37,771 - Velocimacro :  VM library template macro registration complete.
2013-04-02 15:56:37,771 - Velocimacro : allowInline = true : VMs can be defined inline in templates
2013-04-02 15:56:37,771 - Velocimacro : allowInlineToOverride = false : VMs defined inline may NOT replace previous VM definitions
2013-04-02 15:56:37,771 - Velocimacro : allowInlineLocal = false : VMs defined inline will be  global in scope if allowed.
2013-04-02 15:56:37,771 - Velocimacro : messages on  : VM system will output logging messages
2013-04-02 15:56:37,771 - Velocimacro : autoload off  : VM system will not automatically reload global library macros
2013-04-02 15:56:37,771 - Velocimacro : initialization complete.
2013-04-02 15:56:37,771 - Velocity successfully started.
2013-04-02 15:59:17,999 - ResourceManager : found repast/simphony/scenario/Scenario.vt with loader org.apache.velocity.runtime.resource.loader.ClasspathResourceLoader
2013-04-02 15:59:18,014 - ResourceManager : found repast/simphony/parameter/parameters.vt with loader org.apache.velocity.runtime.resource.loader.ClasspathResourceLoader
2013-04-02 16:08:20,719 - SimpleLog4JLogSystem initialized using logfile 'velocity.log'
2013-04-02 16:08:20,719 - ************************************************************** 
2013-04-02 16:08:20,719 - Starting Jakarta Velocity v1.4
2013-04-02 16:08:20,719 - RuntimeInstance initializing.
2013-04-02 16:08:20,719 - Default Properties File: org\apache\velocity\runtime\defaults\velocity.properties
2013-04-02 16:08:20,719 - Trying to use logger class org.apache.velocity.runtime.log.SimpleLog4JLogSystem
2013-04-02 16:08:20,719 - Using logger class org.apache.velocity.runtime.log.SimpleLog4JLogSystem
2013-04-02 16:08:20,735 - Default ResourceManager initializing. (class org.apache.velocity.runtime.resource.ResourceManagerImpl)
2013-04-02 16:08:20,735 - Resource Loader Instantiated: org.apache.velocity.runtime.resource.loader.ClasspathResourceLoader
2013-04-02 16:08:20,735 - ClasspathResourceLoader : initialization starting.
2013-04-02 16:08:20,735 - ClasspathResourceLoader : initialization complete.
2013-04-02 16:08:20,735 - ResourceCache : initialized. (class org.apache.velocity.runtime.resource.ResourceCacheImpl)
2013-04-02 16:08:20,735 - Default ResourceManager initialization complete.
2013-04-02 16:08:20,735 - Loaded System Directive: org.apache.velocity.runtime.directive.Literal
2013-04-02 16:08:20,735 - Loaded System Directive: org.apache.velocity.runtime.directive.Macro
2013-04-02 16:08:20,735 - Loaded System Directive: org.apache.velocity.runtime.directive.Parse
2013-04-02 16:08:20,750 - Loaded System Directive: org.apache.velocity.runtime.directive.Include
2013-04-02 16:08:20,750 - Loaded System Directive: org.apache.velocity.runtime.directive.Foreach
2013-04-02 16:08:20,782 - Created: 20 parsers.
2013-04-02 16:08:20,782 - Velocimacro : initialization starting.
2013-04-02 16:08:20,782 - Velocimacro : adding VMs from VM library template : VM_global_library.vm
2013-04-02 16:08:20,797 - ResourceManager : unable to find resource 'VM_global_library.vm' in any resource loader.
2013-04-02 16:08:20,797 - Velocimacro : error using  VM library template VM_global_library.vm : org.apache.velocity.exception.ResourceNotFoundException: Unable to find resource 'VM_global_library.vm'
2013-04-02 16:08:20,797 - Velocimacro :  VM library template macro registration complete.
2013-04-02 16:08:20,797 - Velocimacro : allowInline = true : VMs can be defined inline in templates
2013-04-02 16:08:20,797 - Velocimacro : allowInlineToOverride = false : VMs defined inline may NOT replace previous VM definitions
2013-04-02 16:08:20,797 - Velocimacro : allowInlineLocal = false : VMs defined inline will be  global in scope if allowed.
2013-04-02 16:08:20,797 - Velocimacro : messages on  : VM system will output logging messages
2013-04-02 16:08:20,797 - Velocimacro : autoload off  : VM system will not automatically reload global library macros
2013-04-02 16:08:20,797 - Velocimacro : initialization complete.
2013-04-02 16:08:20,797 - Velocity successfully started.
2013-04-02 16:11:29,070 - ResourceManager : found repast/simphony/scenario/Scenario.vt with loader org.apache.velocity.runtime.resource.loader.ClasspathResourceLoader
2013-04-02 16:11:29,101 - ResourceManager : found repast/simphony/parameter/parameters.vt with loader org.apache.velocity.runtime.resource.loader.ClasspathResourceLoader
2013-04-02 16:14:52,649 - ResourceManager : found repast/simphony/scenario/Scenario.vt with loader org.apache.velocity.runtime.resource.loader.ClasspathResourceLoader
2013-04-02 16:14:52,649 - ResourceManager : found repast/simphony/parameter/parameters.vt with loader org.apache.velocity.runtime.resource.loader.ClasspathResourceLoader
