#
# A fatal error has been detected by the Java Runtime Environment:
#
#  EXCEPTION_ACCESS_VIOLATION (0xc0000005) at pc=0x274d4972, pid=2800, tid=6100
#
# JRE version: 6.0_31-b05
# Java VM: Java HotSpot(TM) Client VM (20.6-b01 mixed mode windows-x86 )
# Problematic frame:
# C  [ig4icd32.dll+0x44972]
#
# If you would like to submit a bug report, please visit:
#   http://java.sun.com/webapps/bugreport/crash.jsp
# The crash happened outside the Java Virtual Machine in native code.
# See problematic frame for where to report the bug.
#

---------------  T H R E A D  ---------------

Current thread (0x24c3fc00):  JavaThread "AWT-EventQueue-0" [_thread_in_native, id=6100, stack(0x279a0000,0x283a0000)]

siginfo: ExceptionCode=0xc0000005, writing address 0x2b88a790

Registers:
EAX=0x2b88a784, EBX=0x00000000, ECX=0x00227660, EDX=0x00000001
ESP=0x2839f0bc, EBP=0x2839f0f8, ESI=0x00000001, EDI=0x000003fd
EIP=0x274d4972, EFLAGS=0x00010246

Top of Stack: (sp=0x2839f0bc)
0x2839f0bc:   00000001 2789007c 274d4b23 00000001
0x2839f0cc:   00000000 2789007c 1efd3fa0 274d4c31
0x2839f0dc:   00000001 24c3fc00 1efd3fa0 270bb075
0x2839f0ec:   00008892 00000001 274b3150 2839f148
0x2839f0fc:   026d9fc7 24c3fd28 2839f168 00008892
0x2839f10c:   00000001 274b3150 00000000 763ac2f3
0x2839f11c:   00000688 ffffffff 00000000 2839f128
0x2839f12c:   00000000 2839f168 1f087c80 00000000 

Instructions: (pc=0x274d4972)
0x274d4952:   41 14 8b 04 90 85 c0 74 10 eb 03 8d 49 00 39 70
0x274d4962:   04 74 0d 8b 00 85 c0 75 f5 5f 33 c0 5e c2 04 00
0x274d4972:   83 40 0c 01 5f 5e c2 04 00 cc cc cc cc cc 53 55
0x274d4982:   8b 6c 24 14 8b d9 33 d2 8b c5 b9 fd 03 00 00 f7 


Register to memory mapping:

EAX=0x2b88a784 is an unknown value
EBX=0x00000000 is an unknown value
ECX=0x00227660 is an unknown value
EDX=0x00000001 is an unknown value
ESP=0x2839f0bc is pointing into the stack for thread: 0x24c3fc00
EBP=0x2839f0f8 is pointing into the stack for thread: 0x24c3fc00
ESI=0x00000001 is an unknown value
EDI=0x000003fd is an unknown value


Stack: [0x279a0000,0x283a0000],  sp=0x2839f0bc,  free space=10236k
Native frames: (J=compiled Java code, j=interpreted, Vv=VM code, C=native code)
C  [ig4icd32.dll+0x44972]  ShSetEncryptionMethod+0x27c12
j  com.sun.opengl.impl.GLImpl.dispatch_glBindBuffer0(IIJ)V+0
j  com.sun.opengl.impl.GLImpl.glBindBuffer(II)V+31
j  saf.v3d.grid.GridMesh.render(Ljavax/media/opengl/GL;Lsaf/v3d/render/RenderState;)V+28
j  saf.v3d.scene.VShape.doDraw(Ljavax/media/opengl/GL;Lsaf/v3d/render/RenderState;)V+14
j  saf.v3d.scene.VSpatial.draw(Ljavax/media/opengl/GL;Lsaf/v3d/render/RenderState;)V+122
j  saf.v3d.scene.VComposite.doDraw(Ljavax/media/opengl/GL;Lsaf/v3d/render/RenderState;)V+35
j  saf.v3d.scene.VSpatial.draw(Ljavax/media/opengl/GL;Lsaf/v3d/render/RenderState;)V+122
j  saf.v3d.scene.VComposite.doDraw(Ljavax/media/opengl/GL;Lsaf/v3d/render/RenderState;)V+35
j  saf.v3d.scene.VSpatial.draw(Ljavax/media/opengl/GL;Lsaf/v3d/render/RenderState;)V+122
j  saf.v3d.Canvas2D.display(Ljavax/media/opengl/GLAutoDrawable;)V+123
j  com.sun.opengl.impl.GLDrawableHelper.display(Ljavax/media/opengl/GLAutoDrawable;)V+29
j  javax.media.opengl.GLCanvas$DisplayAction.run()V+80
j  com.sun.opengl.impl.GLDrawableHelper.invokeGL(Ljavax/media/opengl/GLDrawable;Ljavax/media/opengl/GLContext;Ljava/lang/Runnable;Ljava/lang/Runnable;)V+418
j  javax.media.opengl.GLCanvas.maybeDoSingleThreadedWorkaround(Ljava/lang/Runnable;Ljava/lang/Runnable;)V+36
j  javax.media.opengl.GLCanvas.display()V+9
j  saf.v3d.Canvas2D.update()V+4
j  repast.simphony.visualizationOGL2D.DisplayOGL2D$1.run()V+7
J  java.awt.event.InvocationEvent.dispatch()V
V  [jvm.dll+0xfac3b]
V  [jvm.dll+0x18c3a1]
V  [jvm.dll+0xfacbd]
V  [jvm.dll+0xbb654]
C  [java.dll+0x102f]  Java_java_security_AccessController_doPrivileged__Ljava_security_PrivilegedAction_2Ljava_security_AccessControlContext_2+0x17
J  java.awt.EventQueue.dispatchEvent(Ljava/awt/AWTEvent;)V
j  java.awt.EventDispatchThread.pumpEventsForHierarchy(ILjava/awt/Conditional;Ljava/awt/Component;)V+11
j  java.awt.EventDispatchThread.pumpEvents(ILjava/awt/Conditional;)V+4
j  java.awt.EventDispatchThread.pumpEvents(Ljava/awt/Conditional;)V+3
j  java.awt.EventDispatchThread.run()V+9
v  ~StubRoutines::call_stub
V  [jvm.dll+0xfac3b]
V  [jvm.dll+0x18c3a1]
V  [jvm.dll+0xfade1]
V  [jvm.dll+0xfae3b]
V  [jvm.dll+0xb5569]
V  [jvm.dll+0x118f14]
V  [jvm.dll+0x140ffc]
C  [msvcr71.dll+0x9565]  endthreadex+0xa0
C  [kernel32.dll+0x4ed6c]  BaseThreadInitThunk+0x12
C  [ntdll.dll+0x6377b]  RtlInitializeExceptionChain+0xef
C  [ntdll.dll+0x6374e]  RtlInitializeExceptionChain+0xc2

Java frames: (J=compiled Java code, j=interpreted, Vv=VM code)
j  com.sun.opengl.impl.GLImpl.dispatch_glBindBuffer0(IIJ)V+0
j  com.sun.opengl.impl.GLImpl.glBindBuffer(II)V+31
j  saf.v3d.grid.GridMesh.render(Ljavax/media/opengl/GL;Lsaf/v3d/render/RenderState;)V+28
j  saf.v3d.scene.VShape.doDraw(Ljavax/media/opengl/GL;Lsaf/v3d/render/RenderState;)V+14
j  saf.v3d.scene.VSpatial.draw(Ljavax/media/opengl/GL;Lsaf/v3d/render/RenderState;)V+122
j  saf.v3d.scene.VComposite.doDraw(Ljavax/media/opengl/GL;Lsaf/v3d/render/RenderState;)V+35
j  saf.v3d.scene.VSpatial.draw(Ljavax/media/opengl/GL;Lsaf/v3d/render/RenderState;)V+122
j  saf.v3d.scene.VComposite.doDraw(Ljavax/media/opengl/GL;Lsaf/v3d/render/RenderState;)V+35
j  saf.v3d.scene.VSpatial.draw(Ljavax/media/opengl/GL;Lsaf/v3d/render/RenderState;)V+122
j  saf.v3d.Canvas2D.display(Ljavax/media/opengl/GLAutoDrawable;)V+123
j  com.sun.opengl.impl.GLDrawableHelper.display(Ljavax/media/opengl/GLAutoDrawable;)V+29
j  javax.media.opengl.GLCanvas$DisplayAction.run()V+80
j  com.sun.opengl.impl.GLDrawableHelper.invokeGL(Ljavax/media/opengl/GLDrawable;Ljavax/media/opengl/GLContext;Ljava/lang/Runnable;Ljava/lang/Runnable;)V+418
j  javax.media.opengl.GLCanvas.maybeDoSingleThreadedWorkaround(Ljava/lang/Runnable;Ljava/lang/Runnable;)V+36
j  javax.media.opengl.GLCanvas.display()V+9
j  saf.v3d.Canvas2D.update()V+4
j  repast.simphony.visualizationOGL2D.DisplayOGL2D$1.run()V+7
J  java.awt.event.InvocationEvent.dispatch()V
J  java.awt.EventQueue.dispatchEventImpl(Ljava/awt/AWTEvent;Ljava/lang/Object;)V
J  java.awt.EventQueue$1.run()Ljava/lang/Object;
v  ~StubRoutines::call_stub
J  java.security.AccessController.doPrivileged(Ljava/security/PrivilegedAction;Ljava/security/AccessControlContext;)Ljava/lang/Object;
J  java.awt.EventQueue.dispatchEvent(Ljava/awt/AWTEvent;)V
J  java.awt.EventDispatchThread.pumpOneEventForFilters(I)Z
j  java.awt.EventDispatchThread.pumpEventsForFilter(ILjava/awt/Conditional;Ljava/awt/EventFilter;)V+30
j  java.awt.EventDispatchThread.pumpEventsForHierarchy(ILjava/awt/Conditional;Ljava/awt/Component;)V+11
j  java.awt.EventDispatchThread.pumpEvents(ILjava/awt/Conditional;)V+4
j  java.awt.EventDispatchThread.pumpEvents(Ljava/awt/Conditional;)V+3
j  java.awt.EventDispatchThread.run()V+9
v  ~StubRoutines::call_stub

---------------  P R O C E S S  ---------------

Java Threads: ( => current thread )
  0x295f4400 JavaThread "Image Fetcher 0" daemon [_thread_blocked, id=2936, stack(0x2d190000,0x2db90000)]
  0x291c1800 JavaThread "Thread-4" [_thread_in_vm, id=4132, stack(0x2a240000,0x2ac40000)]
  0x0085a000 JavaThread "DestroyJavaVM" [_thread_blocked, id=4368, stack(0x01bd0000,0x025d0000)]
=>0x24c3fc00 JavaThread "AWT-EventQueue-0" [_thread_in_native, id=6100, stack(0x279a0000,0x283a0000)]
  0x24c2b000 JavaThread "AWT-Shutdown" [_thread_blocked, id=5208, stack(0x25ba0000,0x265a0000)]
  0x24de4c00 JavaThread "TimerQueue" daemon [_thread_blocked, id=6032, stack(0x283a0000,0x28da0000)]
  0x24b5b000 JavaThread "AWT-Windows" daemon [_thread_in_native, id=2484, stack(0x265a0000,0x26fa0000)]
  0x24b5a400 JavaThread "Java2D Disposer" daemon [_thread_blocked, id=4364, stack(0x251a0000,0x25ba0000)]
  0x026b4800 JavaThread "Low Memory Detector" daemon [_thread_blocked, id=1836, stack(0x23fc0000,0x249c0000)]
  0x0269ec00 JavaThread "C1 CompilerThread0" daemon [_thread_blocked, id=5164, stack(0x00800000,0x00850000)]
  0x0269bc00 JavaThread "Attach Listener" daemon [_thread_blocked, id=4672, stack(0x235c0000,0x23fc0000)]
  0x02698c00 JavaThread "Signal Dispatcher" daemon [_thread_blocked, id=3656, stack(0x22bc0000,0x235c0000)]
  0x0266a800 JavaThread "Finalizer" daemon [_thread_blocked, id=4696, stack(0x221c0000,0x22bc0000)]
  0x02669400 JavaThread "Reference Handler" daemon [_thread_blocked, id=3948, stack(0x217c0000,0x221c0000)]

Other Threads:
  0x02664800 VMThread [stack: 0x00640000,0x00690000] [id=5052]
  0x026cf800 WatcherThread [stack: 0x00960000,0x009b0000] [id=6024]

VM state:not at safepoint (normal execution)

VM Mutex/Monitor currently owned by a thread: None

Heap
 def new generation   total 15744K, used 2577K [0x046d0000, 0x057e0000, 0x0cc20000)
  eden space 14016K,  16% used [0x046d0000, 0x0491ba40, 0x05480000)
  from space 1728K,  13% used [0x05480000, 0x054b8a20, 0x05630000)
  to   space 1728K,   0% used [0x05630000, 0x05630000, 0x057e0000)
 tenured generation   total 34868K, used 21780K [0x0cc20000, 0x0ee2d000, 0x1d6d0000)
   the space 34868K,  62% used [0x0cc20000, 0x0e165140, 0x0e165200, 0x0ee2d000)
 compacting perm gen  total 27392K, used 27318K [0x1d6d0000, 0x1f190000, 0x216d0000)
   the space 27392K,  99% used [0x1d6d0000, 0x1f17d8d0, 0x1f17da00, 0x1f190000)
No shared spaces configured.

Code Cache  [0x026d0000, 0x02a48000, 0x046d0000)
 total_blobs=2161 nmethods=1796 adapters=300 free_code_cache=29924544 largest_free_block=192

Dynamic libraries:
0x00400000 - 0x00425000 	C:\RepastSimphony-2.0\eclipse\jre\bin\javaw.exe
0x775f0000 - 0x7772c000 	C:\windows\SYSTEM32\ntdll.dll
0x76360000 - 0x76434000 	C:\windows\system32\kernel32.dll
0x75890000 - 0x758da000 	C:\windows\system32\KERNELBASE.dll
0x6eb90000 - 0x6ebcc000 	C:\Program Files\AVAST Software\Avast\snxhk.dll
0x75fa0000 - 0x76040000 	C:\windows\system32\ADVAPI32.dll
0x76160000 - 0x7620c000 	C:\windows\system32\msvcrt.dll
0x77750000 - 0x77769000 	C:\windows\SYSTEM32\sechost.dll
0x75be0000 - 0x75c81000 	C:\windows\system32\RPCRT4.dll
0x76440000 - 0x76509000 	C:\windows\system32\USER32.dll
0x775a0000 - 0x775ee000 	C:\windows\system32\GDI32.dll
0x77730000 - 0x7773a000 	C:\windows\system32\LPK.dll
0x762a0000 - 0x7633d000 	C:\windows\system32\USP10.dll
0x75680000 - 0x756cc000 	C:\windows\system32\apphelp.dll
0x67f70000 - 0x68188000 	C:\windows\AppPatch\AcGenral.DLL
0x75660000 - 0x7567b000 	C:\windows\system32\SspiCli.dll
0x777c0000 - 0x77817000 	C:\windows\system32\SHLWAPI.dll
0x74440000 - 0x74480000 	C:\windows\system32\UxTheme.dll
0x73ef0000 - 0x73f22000 	C:\windows\system32\WINMM.dll
0x73c50000 - 0x73c5f000 	C:\windows\system32\samcli.dll
0x75a80000 - 0x75bdc000 	C:\windows\system32\ole32.dll
0x76210000 - 0x7629f000 	C:\windows\system32\OLEAUT32.dll
0x73ea0000 - 0x73eb4000 	C:\windows\system32\MSACM32.dll
0x74c40000 - 0x74c49000 	C:\windows\system32\VERSION.dll
0x76510000 - 0x7715a000 	C:\windows\system32\SHELL32.dll
0x6f670000 - 0x6f673000 	C:\windows\system32\sfc.dll
0x6f660000 - 0x6f66d000 	C:\windows\system32\sfc_os.DLL
0x74da0000 - 0x74db7000 	C:\windows\system32\USERENV.dll
0x75780000 - 0x7578b000 	C:\windows\system32\profapi.dll
0x74100000 - 0x74113000 	C:\windows\system32\dwmapi.dll
0x771c0000 - 0x7735d000 	C:\windows\system32\SETUPAPI.dll
0x758e0000 - 0x75907000 	C:\windows\system32\CFGMGR32.dll
0x75910000 - 0x75922000 	C:\windows\system32\DEVOBJ.dll
0x75d60000 - 0x75e71000 	C:\windows\system32\urlmon.dll
0x77360000 - 0x77518000 	C:\windows\system32\iertutil.dll
0x76040000 - 0x7615b000 	C:\windows\system32\WININET.dll
0x75c90000 - 0x75c93000 	C:\windows\system32\Normaliz.dll
0x6eb70000 - 0x6eb82000 	C:\windows\system32\MPR.dll
0x76340000 - 0x7635f000 	C:\windows\system32\IMM32.DLL
0x75e80000 - 0x75f4c000 	C:\windows\system32\MSCTF.dll
0x7c340000 - 0x7c396000 	C:\RepastSimphony-2.0\eclipse\jre\bin\msvcr71.dll
0x6d7f0000 - 0x6da9f000 	C:\RepastSimphony-2.0\eclipse\jre\bin\client\jvm.dll
0x6d7a0000 - 0x6d7ac000 	C:\RepastSimphony-2.0\eclipse\jre\bin\verify.dll
0x6d320000 - 0x6d33f000 	C:\RepastSimphony-2.0\eclipse\jre\bin\java.dll
0x6d7e0000 - 0x6d7ef000 	C:\RepastSimphony-2.0\eclipse\jre\bin\zip.dll
0x6d000000 - 0x6d14c000 	C:\RepastSimphony-2.0\eclipse\jre\bin\awt.dll
0x70970000 - 0x709c1000 	C:\windows\system32\WINSPOOL.DRV
0x746d0000 - 0x7486e000 	C:\windows\WinSxS\x86_microsoft.windows.common-controls_6595b64144ccf1df_6.0.7601.17514_none_41e6975e2bd6f2b2\COMCTL32.dll
0x75700000 - 0x7570c000 	C:\windows\system32\CRYPTBASE.dll
0x6d230000 - 0x6d27f000 	C:\RepastSimphony-2.0\eclipse\jre\bin\fontmanager.dll
0x6d600000 - 0x6d613000 	C:\RepastSimphony-2.0\eclipse\jre\bin\net.dll
0x77770000 - 0x777a5000 	C:\windows\system32\WS2_32.dll
0x77740000 - 0x77746000 	C:\windows\system32\NSI.dll
0x751c0000 - 0x751fc000 	C:\windows\system32\mswsock.dll
0x751b0000 - 0x751b6000 	C:\windows\System32\wship6.dll
0x6d620000 - 0x6d629000 	C:\RepastSimphony-2.0\eclipse\jre\bin\nio.dll
0x6d1a0000 - 0x6d1c3000 	C:\RepastSimphony-2.0\eclipse\jre\bin\dcpr.dll
0x6a240000 - 0x6a279000 	C:\Program Files\EeePC\CapsHook\Hook.dll
0x75200000 - 0x75216000 	C:\windows\system32\CRYPTSP.dll
0x74fa0000 - 0x74fdb000 	C:\windows\system32\rsaenh.dll
0x74370000 - 0x74380000 	C:\windows\system32\NLAapi.dll
0x6ed20000 - 0x6ed30000 	C:\windows\system32\napinsp.dll
0x6ed00000 - 0x6ed12000 	C:\windows\system32\pnrpnsp.dll
0x75080000 - 0x750c4000 	C:\windows\system32\DNSAPI.dll
0x6ecf0000 - 0x6ecf8000 	C:\windows\System32\winrnr.dll
0x6ece0000 - 0x6eced000 	C:\windows\system32\wshbth.dll
0x6f910000 - 0x6f937000 	C:\Program Files\Common Files\Microsoft Shared\Windows Live\WLIDNSP.DLL
0x777b0000 - 0x777b5000 	C:\windows\system32\PSAPI.DLL
0x74cd0000 - 0x74cd5000 	C:\windows\System32\wshtcpip.dll
0x73250000 - 0x7326c000 	C:\windows\system32\IPHLPAPI.DLL
0x73240000 - 0x73247000 	C:\windows\system32\WINNSI.DLL
0x6f900000 - 0x6f906000 	C:\windows\system32\rasadhlp.dll
0x73100000 - 0x73138000 	C:\windows\System32\fwpuclnt.dll
0x270b0000 - 0x270fd000 	C:\RepastSimphony-2.0\eclipse\jre\bin\jogl.dll
0x6ac80000 - 0x6ad48000 	C:\windows\system32\OPENGL32.dll
0x70aa0000 - 0x70ac2000 	C:\windows\system32\GLU32.dll
0x65bd0000 - 0x65cb7000 	C:\windows\system32\DDRAW.dll
0x70e50000 - 0x70e56000 	C:\windows\system32\DCIMAN32.dll
0x6d350000 - 0x6d356000 	C:\RepastSimphony-2.0\eclipse\jre\bin\jawt.dll
0x27100000 - 0x27105000 	C:\RepastSimphony-2.0\eclipse\jre\bin\jogl_awt.dll
0x27490000 - 0x27882000 	C:\windows\system32\ig4icd32.dll
0x2b640000 - 0x2b8da000 	C:\windows\system32\ig4dev32.dll

VM Arguments:
jvm_args: -Xss10M -Xmx400M -Dfile.encoding=UTF-8 
java_command: repast.simphony.runtime.RepastMain C:\RepastSimphony-2.0\workspace\AutoSimmune/autosimmune.rs
Launcher Type: SUN_STANDARD

Environment Variables:
JAVA_HOME=C:\Program Files\Java\jdk1.7.0
PATH=C:/RepastSimphony-2.0/eclipse/jre/bin/client;C:/RepastSimphony-2.0/eclipse/jre/bin;C:/RepastSimphony-2.0/eclipse/jre/lib/i386;C:\PROGRAM FILES\COMMON FILES\MICROSOFT SHARED\WINDOWS LIVE;C:\windows\SYSTEM32;C:\windows;C:\windows\SYSTEM32\WBEM;C:\windows\SYSTEM32\WINDOWSPOWERSHELL\V1.0\;C:\PROGRAM FILES\WINDOWS LIVE\SHARED;C:\PROGRAM FILES\TREND MICRO\AMSP;;c:\\Program Files\java\jdk1.7.0\bin;C:\Program Files\TortoiseSVN\bin;C:\Program Files\Graphviz2.26.3\bin;C:\RepastSimphony-2.0\eclipse;
USERNAME=alcione
OS=Windows_NT
PROCESSOR_IDENTIFIER=x86 Family 6 Model 28 Stepping 10, GenuineIntel



---------------  S Y S T E M  ---------------

OS: Windows 7 Build 7601 Service Pack 1

CPU:total 4 (2 cores per cpu, 2 threads per core) family 6 model 28 stepping 10, cmov, cx8, fxsr, mmx, sse, sse2, sse3, ssse3, ht

Memory: 4k page, physical 2087096k(851956k free), swap 4174192k(2563948k free)

vm_info: Java HotSpot(TM) Client VM (20.6-b01) for windows-x86 JRE (1.6.0_31-b05), built on Feb  3 2012 18:44:09 by "java_re" with MS VC++ 7.1 (VS2003)

time: Sun Sep 09 12:15:01 2012
elapsed time: 166 seconds

