#
# A fatal error has been detected by the Java Runtime Environment:
#
#  EXCEPTION_ACCESS_VIOLATION (0xc0000005) at pc=0x27414972, pid=4584, tid=4744
#
# JRE version: 6.0_31-b05
# Java VM: Java HotSpot(TM) Client VM (20.6-b01 mixed mode windows-x86 )
# Problematic frame:
# C  [ig4icd32.dll+0x44972]
#
# If you would like to submit a bug report, please visit:
#   http://java.sun.com/webapps/bugreport/crash.jsp
# The crash happened outside the Java Virtual Machine in native code.
# See problematic frame for where to report the bug.
#

---------------  T H R E A D  ---------------

Current thread (0x24cb5400):  JavaThread "AWT-EventQueue-0" [_thread_in_native, id=4744, stack(0x27a90000,0x28490000)]

siginfo: ExceptionCode=0xc0000005, writing address 0x2b82a790

Registers:
EAX=0x2b82a784, EBX=0x00000000, ECX=0x001387c8, EDX=0x00000001
ESP=0x2848f05c, EBP=0x2848f098, ESI=0x00000001, EDI=0x000003fd
EIP=0x27414972, EFLAGS=0x00010246

Top of Stack: (sp=0x2848f05c)
0x2848f05c:   00000001 2786007c 27414b23 00000001
0x2848f06c:   00000000 2786007c 1edd4a00 27414c31
0x2848f07c:   00000001 24cb5400 1edd4a00 2713b075
0x2848f08c:   00008892 00000001 273f3150 2848f0e8
0x2848f09c:   02709fc7 24cb5528 2848f108 00008892
0x2848f0ac:   00000001 273f3150 00000000 761ac2f3
0x2848f0bc:   00000684 ffffffff 00000000 2848f0c8
0x2848f0cc:   00000000 2848f108 1ee886e0 00000000 

Instructions: (pc=0x27414972)
0x27414952:   41 14 8b 04 90 85 c0 74 10 eb 03 8d 49 00 39 70
0x27414962:   04 74 0d 8b 00 85 c0 75 f5 5f 33 c0 5e c2 04 00
0x27414972:   83 40 0c 01 5f 5e c2 04 00 cc cc cc cc cc 53 55
0x27414982:   8b 6c 24 14 8b d9 33 d2 8b c5 b9 fd 03 00 00 f7 


Register to memory mapping:

EAX=0x2b82a784 is an unknown value
EBX=0x00000000 is an unknown value
ECX=0x001387c8 is an unknown value
EDX=0x00000001 is an unknown value
ESP=0x2848f05c is pointing into the stack for thread: 0x24cb5400
EBP=0x2848f098 is pointing into the stack for thread: 0x24cb5400
ESI=0x00000001 is an unknown value
EDI=0x000003fd is an unknown value


Stack: [0x27a90000,0x28490000],  sp=0x2848f05c,  free space=10236k
Native frames: (J=compiled Java code, j=interpreted, Vv=VM code, C=native code)
C  [ig4icd32.dll+0x44972]  ShSetEncryptionMethod+0x27c12
j  com.sun.opengl.impl.GLImpl.dispatch_glBindBuffer0(IIJ)V+0
j  com.sun.opengl.impl.GLImpl.glBindBuffer(II)V+31
j  saf.v3d.grid.GridMesh.render(Ljavax/media/opengl/GL;Lsaf/v3d/render/RenderState;)V+28
j  saf.v3d.scene.VShape.doDraw(Ljavax/media/opengl/GL;Lsaf/v3d/render/RenderState;)V+14
j  saf.v3d.scene.VSpatial.draw(Ljavax/media/opengl/GL;Lsaf/v3d/render/RenderState;)V+122
j  saf.v3d.scene.VComposite.doDraw(Ljavax/media/opengl/GL;Lsaf/v3d/render/RenderState;)V+35
j  saf.v3d.scene.VSpatial.draw(Ljavax/media/opengl/GL;Lsaf/v3d/render/RenderState;)V+122
j  saf.v3d.scene.VComposite.doDraw(Ljavax/media/opengl/GL;Lsaf/v3d/render/RenderState;)V+35
j  saf.v3d.scene.VSpatial.draw(Ljavax/media/opengl/GL;Lsaf/v3d/render/RenderState;)V+122
j  saf.v3d.Canvas2D.display(Ljavax/media/opengl/GLAutoDrawable;)V+123
j  com.sun.opengl.impl.GLDrawableHelper.display(Ljavax/media/opengl/GLAutoDrawable;)V+29
j  javax.media.opengl.GLCanvas$DisplayAction.run()V+80
j  com.sun.opengl.impl.GLDrawableHelper.invokeGL(Ljavax/media/opengl/GLDrawable;Ljavax/media/opengl/GLContext;Ljava/lang/Runnable;Ljava/lang/Runnable;)V+418
j  javax.media.opengl.GLCanvas.maybeDoSingleThreadedWorkaround(Ljava/lang/Runnable;Ljava/lang/Runnable;)V+36
j  javax.media.opengl.GLCanvas.display()V+9
j  saf.v3d.Canvas2D.update()V+4
j  repast.simphony.visualizationOGL2D.DisplayOGL2D$1.run()V+7
j  java.awt.event.InvocationEvent.dispatch()V+47
j  java.awt.EventQueue.dispatchEventImpl(Ljava/awt/AWTEvent;Ljava/lang/Object;)V+21
j  java.awt.EventQueue.access$000(Ljava/awt/EventQueue;Ljava/awt/AWTEvent;Ljava/lang/Object;)V+3
j  java.awt.EventQueue$1.run()Ljava/lang/Void;+12
j  java.awt.EventQueue$1.run()Ljava/lang/Object;+1
v  ~StubRoutines::call_stub
V  [jvm.dll+0xfac3b]
V  [jvm.dll+0x18c3a1]
V  [jvm.dll+0xfacbd]
V  [jvm.dll+0xbb654]
C  [java.dll+0x102f]  Java_java_security_AccessController_doPrivileged__Ljava_security_PrivilegedAction_2Ljava_security_AccessControlContext_2+0x17
J  java.security.AccessControlContext$1.doIntersectionPrivilege(Ljava/security/PrivilegedAction;Ljava/security/AccessControlContext;Ljava/security/AccessControlContext;)Ljava/lang/Object;
J  java.awt.EventDispatchThread.pumpOneEventForFilters(I)Z
j  java.awt.EventDispatchThread.pumpEventsForHierarchy(ILjava/awt/Conditional;Ljava/awt/Component;)V+11
j  java.awt.EventDispatchThread.pumpEvents(ILjava/awt/Conditional;)V+4
j  java.awt.EventDispatchThread.pumpEvents(Ljava/awt/Conditional;)V+3
j  java.awt.EventDispatchThread.run()V+9
v  ~StubRoutines::call_stub
V  [jvm.dll+0xfac3b]
V  [jvm.dll+0x18c3a1]
V  [jvm.dll+0xfade1]
V  [jvm.dll+0xfae3b]
V  [jvm.dll+0xb5569]
V  [jvm.dll+0x118f14]
V  [jvm.dll+0x140ffc]
C  [msvcr71.dll+0x9565]  endthreadex+0xa0
C  [kernel32.dll+0x4ed6c]  BaseThreadInitThunk+0x12
C  [ntdll.dll+0x6377b]  RtlInitializeExceptionChain+0xef
C  [ntdll.dll+0x6374e]  RtlInitializeExceptionChain+0xc2

Java frames: (J=compiled Java code, j=interpreted, Vv=VM code)
j  com.sun.opengl.impl.GLImpl.dispatch_glBindBuffer0(IIJ)V+0
j  com.sun.opengl.impl.GLImpl.glBindBuffer(II)V+31
j  saf.v3d.grid.GridMesh.render(Ljavax/media/opengl/GL;Lsaf/v3d/render/RenderState;)V+28
j  saf.v3d.scene.VShape.doDraw(Ljavax/media/opengl/GL;Lsaf/v3d/render/RenderState;)V+14
j  saf.v3d.scene.VSpatial.draw(Ljavax/media/opengl/GL;Lsaf/v3d/render/RenderState;)V+122
j  saf.v3d.scene.VComposite.doDraw(Ljavax/media/opengl/GL;Lsaf/v3d/render/RenderState;)V+35
j  saf.v3d.scene.VSpatial.draw(Ljavax/media/opengl/GL;Lsaf/v3d/render/RenderState;)V+122
j  saf.v3d.scene.VComposite.doDraw(Ljavax/media/opengl/GL;Lsaf/v3d/render/RenderState;)V+35
j  saf.v3d.scene.VSpatial.draw(Ljavax/media/opengl/GL;Lsaf/v3d/render/RenderState;)V+122
j  saf.v3d.Canvas2D.display(Ljavax/media/opengl/GLAutoDrawable;)V+123
j  com.sun.opengl.impl.GLDrawableHelper.display(Ljavax/media/opengl/GLAutoDrawable;)V+29
j  javax.media.opengl.GLCanvas$DisplayAction.run()V+80
j  com.sun.opengl.impl.GLDrawableHelper.invokeGL(Ljavax/media/opengl/GLDrawable;Ljavax/media/opengl/GLContext;Ljava/lang/Runnable;Ljava/lang/Runnable;)V+418
j  javax.media.opengl.GLCanvas.maybeDoSingleThreadedWorkaround(Ljava/lang/Runnable;Ljava/lang/Runnable;)V+36
j  javax.media.opengl.GLCanvas.display()V+9
j  saf.v3d.Canvas2D.update()V+4
j  repast.simphony.visualizationOGL2D.DisplayOGL2D$1.run()V+7
j  java.awt.event.InvocationEvent.dispatch()V+47
j  java.awt.EventQueue.dispatchEventImpl(Ljava/awt/AWTEvent;Ljava/lang/Object;)V+21
j  java.awt.EventQueue.access$000(Ljava/awt/EventQueue;Ljava/awt/AWTEvent;Ljava/lang/Object;)V+3
j  java.awt.EventQueue$1.run()Ljava/lang/Void;+12
j  java.awt.EventQueue$1.run()Ljava/lang/Object;+1
v  ~StubRoutines::call_stub
J  java.security.AccessController.doPrivileged(Ljava/security/PrivilegedAction;Ljava/security/AccessControlContext;)Ljava/lang/Object;
J  java.security.AccessControlContext$1.doIntersectionPrivilege(Ljava/security/PrivilegedAction;Ljava/security/AccessControlContext;Ljava/security/AccessControlContext;)Ljava/lang/Object;
j  java.awt.EventQueue.dispatchEvent(Ljava/awt/AWTEvent;)V+46
J  java.awt.EventDispatchThread.pumpOneEventForFilters(I)Z
j  java.awt.EventDispatchThread.pumpEventsForFilter(ILjava/awt/Conditional;Ljava/awt/EventFilter;)V+30
j  java.awt.EventDispatchThread.pumpEventsForHierarchy(ILjava/awt/Conditional;Ljava/awt/Component;)V+11
j  java.awt.EventDispatchThread.pumpEvents(ILjava/awt/Conditional;)V+4
j  java.awt.EventDispatchThread.pumpEvents(Ljava/awt/Conditional;)V+3
j  java.awt.EventDispatchThread.run()V+9
v  ~StubRoutines::call_stub

---------------  P R O C E S S  ---------------

Java Threads: ( => current thread )
  0x24e31400 JavaThread "Image Fetcher 0" daemon [_thread_blocked, id=4528, stack(0x2d2c0000,0x2dcc0000)]
  0x25032000 JavaThread "Thread-4" [_thread_in_Java, id=4780, stack(0x2a1e0000,0x2abe0000)]
  0x0081a000 JavaThread "DestroyJavaVM" [_thread_blocked, id=4376, stack(0x01c00000,0x02600000)]
=>0x24cb5400 JavaThread "AWT-EventQueue-0" [_thread_in_native, id=4744, stack(0x27a90000,0x28490000)]
  0x24d21000 JavaThread "AWT-Shutdown" [_thread_blocked, id=4356, stack(0x25c90000,0x26690000)]
  0x24f07400 JavaThread "TimerQueue" daemon [_thread_blocked, id=3568, stack(0x28490000,0x28e90000)]
  0x24d6b400 JavaThread "AWT-Windows" daemon [_thread_in_native, id=5720, stack(0x26690000,0x27090000)]
  0x24d66800 JavaThread "Java2D Disposer" daemon [_thread_blocked, id=3764, stack(0x25290000,0x25c90000)]
  0x026d3400 JavaThread "Low Memory Detector" daemon [_thread_blocked, id=4320, stack(0x23ff0000,0x249f0000)]
  0x026ce000 JavaThread "C1 CompilerThread0" daemon [_thread_blocked, id=6108, stack(0x009a0000,0x009f0000)]
  0x026cac00 JavaThread "Attach Listener" daemon [_thread_blocked, id=3212, stack(0x235f0000,0x23ff0000)]
  0x026c7c00 JavaThread "Signal Dispatcher" daemon [_thread_blocked, id=4820, stack(0x22bf0000,0x235f0000)]
  0x0269dc00 JavaThread "Finalizer" daemon [_thread_blocked, id=3864, stack(0x221f0000,0x22bf0000)]
  0x02699400 JavaThread "Reference Handler" daemon [_thread_blocked, id=4160, stack(0x217f0000,0x221f0000)]

Other Threads:
  0x02694800 VMThread [stack: 0x00820000,0x00870000] [id=4364]
  0x026ecc00 WatcherThread [stack: 0x249f0000,0x24a40000] [id=1812]

VM state:not at safepoint (normal execution)

VM Mutex/Monitor currently owned by a thread: None

Heap
 def new generation   total 13312K, used 2450K [0x04700000, 0x05570000, 0x0cc50000)
  eden space 11840K,  12% used [0x04700000, 0x0486a520, 0x05290000)
  from space 1472K,  73% used [0x05290000, 0x0539f898, 0x05400000)
  to   space 1472K,   0% used [0x05400000, 0x05400000, 0x05570000)
 tenured generation   total 29492K, used 17693K [0x0cc50000, 0x0e91d000, 0x1d700000)
   the space 29492K,  59% used [0x0cc50000, 0x0dd97660, 0x0dd97800, 0x0e91d000)
 compacting perm gen  total 25344K, used 25100K [0x1d700000, 0x1efc0000, 0x21700000)
   the space 25344K,  99% used [0x1d700000, 0x1ef833a0, 0x1ef83400, 0x1efc0000)
No shared spaces configured.

Code Cache  [0x02700000, 0x029b8000, 0x04700000)
 total_blobs=1649 nmethods=1294 adapters=290 free_code_cache=30711552 largest_free_block=256

Dynamic libraries:
0x00400000 - 0x00425000 	C:\RepastSimphony-2.0\eclipse\jre\bin\javaw.exe
0x77800000 - 0x7793c000 	C:\windows\SYSTEM32\ntdll.dll
0x76160000 - 0x76234000 	C:\windows\system32\kernel32.dll
0x75c40000 - 0x75c8a000 	C:\windows\system32\KERNELBASE.dll
0x6eef0000 - 0x6ef2c000 	C:\Program Files\AVAST Software\Avast\snxhk.dll
0x76b10000 - 0x76bb0000 	C:\windows\system32\ADVAPI32.dll
0x76090000 - 0x7613c000 	C:\windows\system32\msvcrt.dll
0x75f30000 - 0x75f49000 	C:\windows\SYSTEM32\sechost.dll
0x75cc0000 - 0x75d61000 	C:\windows\system32\RPCRT4.dll
0x766f0000 - 0x767b9000 	C:\windows\system32\USER32.dll
0x76250000 - 0x7629e000 	C:\windows\system32\GDI32.dll
0x766e0000 - 0x766ea000 	C:\windows\system32\LPK.dll
0x77940000 - 0x779dd000 	C:\windows\system32\USP10.dll
0x75890000 - 0x758dc000 	C:\windows\system32\apphelp.dll
0x6ae50000 - 0x6b068000 	C:\windows\AppPatch\AcGenral.DLL
0x75870000 - 0x7588b000 	C:\windows\system32\SspiCli.dll
0x75fe0000 - 0x76037000 	C:\windows\system32\SHLWAPI.dll
0x74650000 - 0x74690000 	C:\windows\system32\UxTheme.dll
0x740f0000 - 0x74122000 	C:\windows\system32\WINMM.dll
0x73e20000 - 0x73e2f000 	C:\windows\system32\samcli.dll
0x767c0000 - 0x7691c000 	C:\windows\system32\ole32.dll
0x75f50000 - 0x75fdf000 	C:\windows\system32\OLEAUT32.dll
0x717a0000 - 0x717b4000 	C:\windows\system32\MSACM32.dll
0x74e50000 - 0x74e59000 	C:\windows\system32\VERSION.dll
0x76bb0000 - 0x777fa000 	C:\windows\system32\SHELL32.dll
0x6f660000 - 0x6f663000 	C:\windows\system32\sfc.dll
0x6f650000 - 0x6f65d000 	C:\windows\system32\sfc_os.DLL
0x74fb0000 - 0x74fc7000 	C:\windows\system32\USERENV.dll
0x75990000 - 0x7599b000 	C:\windows\system32\profapi.dll
0x74300000 - 0x74313000 	C:\windows\system32\dwmapi.dll
0x762a0000 - 0x7643d000 	C:\windows\system32\SETUPAPI.dll
0x75c10000 - 0x75c37000 	C:\windows\system32\CFGMGR32.dll
0x75bf0000 - 0x75c02000 	C:\windows\system32\DEVOBJ.dll
0x764b0000 - 0x765c1000 	C:\windows\system32\urlmon.dll
0x75d70000 - 0x75f28000 	C:\windows\system32\iertutil.dll
0x76920000 - 0x76a3b000 	C:\windows\system32\WININET.dll
0x76080000 - 0x76083000 	C:\windows\system32\Normaliz.dll
0x6eed0000 - 0x6eee2000 	C:\windows\system32\MPR.dll
0x76140000 - 0x7615f000 	C:\windows\system32\IMM32.DLL
0x76a40000 - 0x76b0c000 	C:\windows\system32\MSCTF.dll
0x7c340000 - 0x7c396000 	C:\RepastSimphony-2.0\eclipse\jre\bin\msvcr71.dll
0x6d7f0000 - 0x6da9f000 	C:\RepastSimphony-2.0\eclipse\jre\bin\client\jvm.dll
0x6d7a0000 - 0x6d7ac000 	C:\RepastSimphony-2.0\eclipse\jre\bin\verify.dll
0x6d320000 - 0x6d33f000 	C:\RepastSimphony-2.0\eclipse\jre\bin\java.dll
0x6d7e0000 - 0x6d7ef000 	C:\RepastSimphony-2.0\eclipse\jre\bin\zip.dll
0x6d000000 - 0x6d14c000 	C:\RepastSimphony-2.0\eclipse\jre\bin\awt.dll
0x70940000 - 0x70991000 	C:\windows\system32\WINSPOOL.DRV
0x74860000 - 0x749fe000 	C:\windows\WinSxS\x86_microsoft.windows.common-controls_6595b64144ccf1df_6.0.7601.17514_none_41e6975e2bd6f2b2\COMCTL32.dll
0x75910000 - 0x7591c000 	C:\windows\system32\CRYPTBASE.dll
0x6d230000 - 0x6d27f000 	C:\RepastSimphony-2.0\eclipse\jre\bin\fontmanager.dll
0x6d600000 - 0x6d613000 	C:\RepastSimphony-2.0\eclipse\jre\bin\net.dll
0x76040000 - 0x76075000 	C:\windows\system32\WS2_32.dll
0x76440000 - 0x76446000 	C:\windows\system32\NSI.dll
0x753d0000 - 0x7540c000 	C:\windows\system32\mswsock.dll
0x753c0000 - 0x753c6000 	C:\windows\System32\wship6.dll
0x6d620000 - 0x6d629000 	C:\RepastSimphony-2.0\eclipse\jre\bin\nio.dll
0x75410000 - 0x75426000 	C:\windows\system32\CRYPTSP.dll
0x751b0000 - 0x751eb000 	C:\windows\system32\rsaenh.dll
0x74640000 - 0x74650000 	C:\windows\system32\NLAapi.dll
0x6f640000 - 0x6f650000 	C:\windows\system32\napinsp.dll
0x6f620000 - 0x6f632000 	C:\windows\system32\pnrpnsp.dll
0x75290000 - 0x752d4000 	C:\windows\system32\DNSAPI.dll
0x6f610000 - 0x6f618000 	C:\windows\System32\winrnr.dll
0x6f600000 - 0x6f60d000 	C:\windows\system32\wshbth.dll
0x6f960000 - 0x6f987000 	C:\Program Files\Common Files\Microsoft Shared\Windows Live\WLIDNSP.DLL
0x76240000 - 0x76245000 	C:\windows\system32\PSAPI.DLL
0x74ee0000 - 0x74ee5000 	C:\windows\System32\wshtcpip.dll
0x73d50000 - 0x73d6c000 	C:\windows\system32\IPHLPAPI.DLL
0x73d40000 - 0x73d47000 	C:\windows\system32\WINNSI.DLL
0x6f950000 - 0x6f956000 	C:\windows\system32\rasadhlp.dll
0x73be0000 - 0x73c18000 	C:\windows\System32\fwpuclnt.dll
0x27130000 - 0x2717d000 	C:\RepastSimphony-2.0\eclipse\jre\bin\jogl.dll
0x734d0000 - 0x73598000 	C:\windows\system32\OPENGL32.dll
0x72bb0000 - 0x72bd2000 	C:\windows\system32\GLU32.dll
0x729b0000 - 0x72a97000 	C:\windows\system32\DDRAW.dll
0x746a0000 - 0x746a6000 	C:\windows\system32\DCIMAN32.dll
0x6d350000 - 0x6d356000 	C:\RepastSimphony-2.0\eclipse\jre\bin\jawt.dll
0x00880000 - 0x00885000 	C:\RepastSimphony-2.0\eclipse\jre\bin\jogl_awt.dll
0x273d0000 - 0x277c2000 	C:\windows\system32\ig4icd32.dll
0x2b5e0000 - 0x2b87a000 	C:\windows\system32\ig4dev32.dll
0x71a40000 - 0x71a79000 	C:\Program Files\EeePC\CapsHook\Hook.dll

VM Arguments:
jvm_args: -Xss10M -Xmx400M -Dfile.encoding=UTF-8 
java_command: repast.simphony.runtime.RepastMain C:\RepastSimphony-2.0\workspace\AutoSimmune/autosimmune.rs
Launcher Type: SUN_STANDARD

Environment Variables:
JAVA_HOME=C:\Program Files\Java\jdk1.7.0
PATH=C:/RepastSimphony-2.0/eclipse/jre/bin/client;C:/RepastSimphony-2.0/eclipse/jre/bin;C:/RepastSimphony-2.0/eclipse/jre/lib/i386;C:\PROGRAM FILES\COMMON FILES\MICROSOFT SHARED\WINDOWS LIVE;C:\windows\SYSTEM32;C:\windows;C:\windows\SYSTEM32\WBEM;C:\windows\SYSTEM32\WINDOWSPOWERSHELL\V1.0\;C:\PROGRAM FILES\WINDOWS LIVE\SHARED;C:\PROGRAM FILES\TREND MICRO\AMSP;;c:\\Program Files\java\jdk1.7.0\bin;C:\Program Files\TortoiseSVN\bin;C:\Program Files\Graphviz2.26.3\bin;C:\RepastSimphony-2.0\eclipse;
USERNAME=alcione
OS=Windows_NT
PROCESSOR_IDENTIFIER=x86 Family 6 Model 28 Stepping 10, GenuineIntel



---------------  S Y S T E M  ---------------

OS: Windows 7 Build 7601 Service Pack 1

CPU:total 4 (2 cores per cpu, 2 threads per core) family 6 model 28 stepping 10, cmov, cx8, fxsr, mmx, sse, sse2, sse3, ssse3, ht

Memory: 4k page, physical 2087096k(1005240k free), swap 4174192k(2962140k free)

vm_info: Java HotSpot(TM) Client VM (20.6-b01) for windows-x86 JRE (1.6.0_31-b05), built on Feb  3 2012 18:44:09 by "java_re" with MS VC++ 7.1 (VS2003)

time: Sun Sep 09 15:28:49 2012
elapsed time: 72 seconds

