#
# A fatal error has been detected by the Java Runtime Environment:
#
#  EXCEPTION_ACCESS_VIOLATION (0xc0000005) at pc=0x27ed4972, pid=4528, tid=1220
#
# JRE version: 6.0_31-b05
# Java VM: Java HotSpot(TM) Client VM (20.6-b01 mixed mode windows-x86 )
# Problematic frame:
# C  [ig4icd32.dll+0x44972]
#
# If you would like to submit a bug report, please visit:
#   http://java.sun.com/webapps/bugreport/crash.jsp
# The crash happened outside the Java Virtual Machine in native code.
# See problematic frame for where to report the bug.
#

---------------  T H R E A D  ---------------

Current thread (0x0249cc00):  JavaThread "AWT-EventQueue-0" [_thread_in_native, id=1220, stack(0x29c00000,0x2a600000)]

siginfo: ExceptionCode=0xc0000005, writing address 0x285da790

Registers:
EAX=0x285da784, EBX=0x00000000, ECX=0x0028ff40, EDX=0x00000001
ESP=0x2a5ff1fc, EBP=0x2a5ff238, ESI=0x00000001, EDI=0x000003fd
EIP=0x27ed4972, EFLAGS=0x00010246

Top of Stack: (sp=0x2a5ff1fc)
0x2a5ff1fc:   00000001 286d007c 27ed4b23 00000001
0x2a5ff20c:   00000000 286d007c 1ec3f610 27ed4c31
0x2a5ff21c:   00000001 0249cc00 1ec3f610 2437b075
0x2a5ff22c:   00008892 00000001 27eb3150 2a5ff288
0x2a5ff23c:   024de7f2 0249cd28 2a5ff2a8 00008892
0x2a5ff24c:   00000001 27eb3150 00000000 763ac2f3
0x2a5ff25c:   000006fc ffffffff 00000000 2a5ff268
0x2a5ff26c:   00000000 2a5ff2a8 1ecf73b0 00000000 

Instructions: (pc=0x27ed4972)
0x27ed4952:   41 14 8b 04 90 85 c0 74 10 eb 03 8d 49 00 39 70
0x27ed4962:   04 74 0d 8b 00 85 c0 75 f5 5f 33 c0 5e c2 04 00
0x27ed4972:   83 40 0c 01 5f 5e c2 04 00 cc cc cc cc cc 53 55
0x27ed4982:   8b 6c 24 14 8b d9 33 d2 8b c5 b9 fd 03 00 00 f7 


Register to memory mapping:

EAX=0x285da784 is an unknown value
EBX=0x00000000 is an unknown value
ECX=0x0028ff40 is an unknown value
EDX=0x00000001 is an unknown value
ESP=0x2a5ff1fc is pointing into the stack for thread: 0x0249cc00
EBP=0x2a5ff238 is pointing into the stack for thread: 0x0249cc00
ESI=0x00000001 is an unknown value
EDI=0x000003fd is an unknown value


Stack: [0x29c00000,0x2a600000],  sp=0x2a5ff1fc,  free space=10236k
Native frames: (J=compiled Java code, j=interpreted, Vv=VM code, C=native code)
C  [ig4icd32.dll+0x44972]  ShSetEncryptionMethod+0x27c12
j  com.sun.opengl.impl.GLImpl.dispatch_glBindBuffer0(IIJ)V+0
j  com.sun.opengl.impl.GLImpl.glBindBuffer(II)V+31
j  saf.v3d.grid.GridMesh.render(Ljavax/media/opengl/GL;Lsaf/v3d/render/RenderState;)V+28
j  saf.v3d.scene.VShape.doDraw(Ljavax/media/opengl/GL;Lsaf/v3d/render/RenderState;)V+14
j  saf.v3d.scene.VSpatial.draw(Ljavax/media/opengl/GL;Lsaf/v3d/render/RenderState;)V+122
j  saf.v3d.scene.VComposite.doDraw(Ljavax/media/opengl/GL;Lsaf/v3d/render/RenderState;)V+35
j  saf.v3d.scene.VSpatial.draw(Ljavax/media/opengl/GL;Lsaf/v3d/render/RenderState;)V+122
j  saf.v3d.scene.VComposite.doDraw(Ljavax/media/opengl/GL;Lsaf/v3d/render/RenderState;)V+35
j  saf.v3d.scene.VSpatial.draw(Ljavax/media/opengl/GL;Lsaf/v3d/render/RenderState;)V+122
j  saf.v3d.Canvas2D.display(Ljavax/media/opengl/GLAutoDrawable;)V+123
j  com.sun.opengl.impl.GLDrawableHelper.display(Ljavax/media/opengl/GLAutoDrawable;)V+29
j  javax.media.opengl.GLCanvas$DisplayAction.run()V+80
j  com.sun.opengl.impl.GLDrawableHelper.invokeGL(Ljavax/media/opengl/GLDrawable;Ljavax/media/opengl/GLContext;Ljava/lang/Runnable;Ljava/lang/Runnable;)V+418
j  javax.media.opengl.GLCanvas.maybeDoSingleThreadedWorkaround(Ljava/lang/Runnable;Ljava/lang/Runnable;)V+36
j  javax.media.opengl.GLCanvas.display()V+9
j  saf.v3d.Canvas2D.update()V+4
j  repast.simphony.visualizationOGL2D.DisplayOGL2D$1.run()V+7
j  java.awt.event.InvocationEvent.dispatch()V+47
j  java.awt.EventQueue.dispatchEventImpl(Ljava/awt/AWTEvent;Ljava/lang/Object;)V+21
j  java.awt.EventQueue.access$000(Ljava/awt/EventQueue;Ljava/awt/AWTEvent;Ljava/lang/Object;)V+3
j  java.awt.EventQueue$1.run()Ljava/lang/Void;+12
j  java.awt.EventQueue$1.run()Ljava/lang/Object;+1
v  ~StubRoutines::call_stub
V  [jvm.dll+0xfac3b]
V  [jvm.dll+0x18c3a1]
V  [jvm.dll+0xfacbd]
V  [jvm.dll+0xbb654]
C  [java.dll+0x102f]  Java_java_security_AccessController_doPrivileged__Ljava_security_PrivilegedAction_2Ljava_security_AccessControlContext_2+0x17
j  java.security.AccessControlContext$1.doIntersectionPrivilege(Ljava/security/PrivilegedAction;Ljava/security/AccessControlContext;Ljava/security/AccessControlContext;)Ljava/lang/Object;+28
j  java.awt.EventQueue.dispatchEvent(Ljava/awt/AWTEvent;)V+46
j  java.awt.EventDispatchThread.pumpOneEventForFilters(I)Z+204
j  java.awt.EventDispatchThread.pumpEventsForFilter(ILjava/awt/Conditional;Ljava/awt/EventFilter;)V+30
j  java.awt.EventDispatchThread.pumpEventsForHierarchy(ILjava/awt/Conditional;Ljava/awt/Component;)V+11
j  java.awt.EventDispatchThread.pumpEvents(ILjava/awt/Conditional;)V+4
j  java.awt.EventDispatchThread.pumpEvents(Ljava/awt/Conditional;)V+3
j  java.awt.EventDispatchThread.run()V+9
v  ~StubRoutines::call_stub
V  [jvm.dll+0xfac3b]
V  [jvm.dll+0x18c3a1]
V  [jvm.dll+0xfade1]
V  [jvm.dll+0xfae3b]
V  [jvm.dll+0xb5569]
V  [jvm.dll+0x118f14]
V  [jvm.dll+0x140ffc]
C  [msvcr71.dll+0x9565]  endthreadex+0xa0
C  [kernel32.dll+0x4ed6c]  BaseThreadInitThunk+0x12
C  [ntdll.dll+0x6377b]  RtlInitializeExceptionChain+0xef
C  [ntdll.dll+0x6374e]  RtlInitializeExceptionChain+0xc2

Java frames: (J=compiled Java code, j=interpreted, Vv=VM code)
j  com.sun.opengl.impl.GLImpl.dispatch_glBindBuffer0(IIJ)V+0
j  com.sun.opengl.impl.GLImpl.glBindBuffer(II)V+31
j  saf.v3d.grid.GridMesh.render(Ljavax/media/opengl/GL;Lsaf/v3d/render/RenderState;)V+28
j  saf.v3d.scene.VShape.doDraw(Ljavax/media/opengl/GL;Lsaf/v3d/render/RenderState;)V+14
j  saf.v3d.scene.VSpatial.draw(Ljavax/media/opengl/GL;Lsaf/v3d/render/RenderState;)V+122
j  saf.v3d.scene.VComposite.doDraw(Ljavax/media/opengl/GL;Lsaf/v3d/render/RenderState;)V+35
j  saf.v3d.scene.VSpatial.draw(Ljavax/media/opengl/GL;Lsaf/v3d/render/RenderState;)V+122
j  saf.v3d.scene.VComposite.doDraw(Ljavax/media/opengl/GL;Lsaf/v3d/render/RenderState;)V+35
j  saf.v3d.scene.VSpatial.draw(Ljavax/media/opengl/GL;Lsaf/v3d/render/RenderState;)V+122
j  saf.v3d.Canvas2D.display(Ljavax/media/opengl/GLAutoDrawable;)V+123
j  com.sun.opengl.impl.GLDrawableHelper.display(Ljavax/media/opengl/GLAutoDrawable;)V+29
j  javax.media.opengl.GLCanvas$DisplayAction.run()V+80
j  com.sun.opengl.impl.GLDrawableHelper.invokeGL(Ljavax/media/opengl/GLDrawable;Ljavax/media/opengl/GLContext;Ljava/lang/Runnable;Ljava/lang/Runnable;)V+418
j  javax.media.opengl.GLCanvas.maybeDoSingleThreadedWorkaround(Ljava/lang/Runnable;Ljava/lang/Runnable;)V+36
j  javax.media.opengl.GLCanvas.display()V+9
j  saf.v3d.Canvas2D.update()V+4
j  repast.simphony.visualizationOGL2D.DisplayOGL2D$1.run()V+7
j  java.awt.event.InvocationEvent.dispatch()V+47
j  java.awt.EventQueue.dispatchEventImpl(Ljava/awt/AWTEvent;Ljava/lang/Object;)V+21
j  java.awt.EventQueue.access$000(Ljava/awt/EventQueue;Ljava/awt/AWTEvent;Ljava/lang/Object;)V+3
j  java.awt.EventQueue$1.run()Ljava/lang/Void;+12
j  java.awt.EventQueue$1.run()Ljava/lang/Object;+1
v  ~StubRoutines::call_stub
j  java.security.AccessController.doPrivileged(Ljava/security/PrivilegedAction;Ljava/security/AccessControlContext;)Ljava/lang/Object;+0
j  java.security.AccessControlContext$1.doIntersectionPrivilege(Ljava/security/PrivilegedAction;Ljava/security/AccessControlContext;Ljava/security/AccessControlContext;)Ljava/lang/Object;+28
j  java.awt.EventQueue.dispatchEvent(Ljava/awt/AWTEvent;)V+46
j  java.awt.EventDispatchThread.pumpOneEventForFilters(I)Z+204
j  java.awt.EventDispatchThread.pumpEventsForFilter(ILjava/awt/Conditional;Ljava/awt/EventFilter;)V+30
j  java.awt.EventDispatchThread.pumpEventsForHierarchy(ILjava/awt/Conditional;Ljava/awt/Component;)V+11
j  java.awt.EventDispatchThread.pumpEvents(ILjava/awt/Conditional;)V+4
j  java.awt.EventDispatchThread.pumpEvents(Ljava/awt/Conditional;)V+3
j  java.awt.EventDispatchThread.run()V+9
v  ~StubRoutines::call_stub

---------------  P R O C E S S  ---------------

Java Threads: ( => current thread )
  0x0249b800 JavaThread "Image Fetcher 0" daemon [_thread_blocked, id=5736, stack(0x2cd20000,0x2d720000)]
  0x0249dc00 JavaThread "Thread-4" [_thread_in_Java, id=1652, stack(0x2c320000,0x2cd20000)]
  0x0249d800 JavaThread "DestroyJavaVM" [_thread_blocked, id=372, stack(0x019d0000,0x023d0000)]
=>0x0249cc00 JavaThread "AWT-EventQueue-0" [_thread_in_native, id=1220, stack(0x29c00000,0x2a600000)]
  0x0249c400 JavaThread "AWT-Shutdown" [_thread_blocked, id=1136, stack(0x29200000,0x29c00000)]
  0x0249d000 JavaThread "TimerQueue" daemon [_thread_blocked, id=5256, stack(0x2a600000,0x2b000000)]
  0x0249bc00 JavaThread "AWT-Windows" daemon [_thread_in_native, id=5564, stack(0x28800000,0x29200000)]
  0x0249b000 JavaThread "Java2D Disposer" daemon [_thread_blocked, id=3496, stack(0x27400000,0x27e00000)]
  0x0249ac00 JavaThread "Low Memory Detector" daemon [_thread_blocked, id=5892, stack(0x26400000,0x26e00000)]
  0x024c5000 JavaThread "C1 CompilerThread0" daemon [_thread_blocked, id=4168, stack(0x23f70000,0x23fc0000)]
  0x024b5000 JavaThread "JDWP Command Reader" daemon [_thread_in_native, id=1996, stack(0x25a00000,0x26400000)]
  0x024b4000 JavaThread "JDWP Event Helper Thread" daemon [_thread_blocked, id=1508, stack(0x25000000,0x25a00000)]
  0x024b2000 JavaThread "JDWP Transport Listener: dt_socket" daemon [_thread_blocked, id=2052, stack(0x24600000,0x25000000)]
  0x0249a400 JavaThread "Attach Listener" daemon [_thread_blocked, id=3824, stack(0x23520000,0x23f20000)]
  0x0249a000 JavaThread "Signal Dispatcher" daemon [_thread_blocked, id=3448, stack(0x22b20000,0x23520000)]
  0x0246f000 JavaThread "Finalizer" daemon [_thread_blocked, id=5768, stack(0x22120000,0x22b20000)]
  0x0246a400 JavaThread "Reference Handler" daemon [_thread_blocked, id=3148, stack(0x21720000,0x22120000)]

Other Threads:
  0x02465c00 VMThread [stack: 0x216d0000,0x21720000] [id=1104]
  0x024c9c00 WatcherThread [stack: 0x23fc0000,0x24010000] [id=5264]

VM state:not at safepoint (normal execution)

VM Mutex/Monitor currently owned by a thread: None

Heap
 def new generation   total 16064K, used 6262K [0x04550000, 0x056b0000, 0x0caa0000)
  eden space 14336K,  42% used [0x04550000, 0x04b367c0, 0x05350000)
  from space 1728K,  12% used [0x05500000, 0x05537278, 0x056b0000)
  to   space 1728K,   0% used [0x05350000, 0x05350000, 0x05500000)
 tenured generation   total 35464K, used 21277K [0x0caa0000, 0x0ed42000, 0x1d550000)
   the space 35464K,  59% used [0x0caa0000, 0x0df674f8, 0x0df67600, 0x0ed42000)
 compacting perm gen  total 25344K, used 25214K [0x1d550000, 0x1ee10000, 0x21550000)
   the space 25344K,  99% used [0x1d550000, 0x1edefa18, 0x1edefc00, 0x1ee10000)
No shared spaces configured.

Code Cache  [0x024d0000, 0x027a8000, 0x044d0000)
 total_blobs=1742 nmethods=1395 adapters=290 free_code_cache=30587072 largest_free_block=256

Dynamic libraries:
0x00400000 - 0x00425000 	C:\RepastSimphony-2.0\eclipse\jre\bin\javaw.exe
0x775f0000 - 0x7772c000 	C:\windows\SYSTEM32\ntdll.dll
0x76360000 - 0x76434000 	C:\windows\system32\kernel32.dll
0x75890000 - 0x758da000 	C:\windows\system32\KERNELBASE.dll
0x6eb90000 - 0x6ebcc000 	C:\Program Files\AVAST Software\Avast\snxhk.dll
0x75fa0000 - 0x76040000 	C:\windows\system32\ADVAPI32.dll
0x76160000 - 0x7620c000 	C:\windows\system32\msvcrt.dll
0x77750000 - 0x77769000 	C:\windows\SYSTEM32\sechost.dll
0x75be0000 - 0x75c81000 	C:\windows\system32\RPCRT4.dll
0x76440000 - 0x76509000 	C:\windows\system32\USER32.dll
0x775a0000 - 0x775ee000 	C:\windows\system32\GDI32.dll
0x77730000 - 0x7773a000 	C:\windows\system32\LPK.dll
0x762a0000 - 0x7633d000 	C:\windows\system32\USP10.dll
0x75680000 - 0x756cc000 	C:\windows\system32\apphelp.dll
0x67f70000 - 0x68188000 	C:\windows\AppPatch\AcGenral.DLL
0x75660000 - 0x7567b000 	C:\windows\system32\SspiCli.dll
0x777c0000 - 0x77817000 	C:\windows\system32\SHLWAPI.dll
0x74440000 - 0x74480000 	C:\windows\system32\UxTheme.dll
0x73ef0000 - 0x73f22000 	C:\windows\system32\WINMM.dll
0x73c50000 - 0x73c5f000 	C:\windows\system32\samcli.dll
0x75a80000 - 0x75bdc000 	C:\windows\system32\ole32.dll
0x76210000 - 0x7629f000 	C:\windows\system32\OLEAUT32.dll
0x73ea0000 - 0x73eb4000 	C:\windows\system32\MSACM32.dll
0x74c40000 - 0x74c49000 	C:\windows\system32\VERSION.dll
0x76510000 - 0x7715a000 	C:\windows\system32\SHELL32.dll
0x6f670000 - 0x6f673000 	C:\windows\system32\sfc.dll
0x6f660000 - 0x6f66d000 	C:\windows\system32\sfc_os.DLL
0x74da0000 - 0x74db7000 	C:\windows\system32\USERENV.dll
0x75780000 - 0x7578b000 	C:\windows\system32\profapi.dll
0x74100000 - 0x74113000 	C:\windows\system32\dwmapi.dll
0x771c0000 - 0x7735d000 	C:\windows\system32\SETUPAPI.dll
0x758e0000 - 0x75907000 	C:\windows\system32\CFGMGR32.dll
0x75910000 - 0x75922000 	C:\windows\system32\DEVOBJ.dll
0x75d60000 - 0x75e71000 	C:\windows\system32\urlmon.dll
0x77360000 - 0x77518000 	C:\windows\system32\iertutil.dll
0x76040000 - 0x7615b000 	C:\windows\system32\WININET.dll
0x75c90000 - 0x75c93000 	C:\windows\system32\Normaliz.dll
0x6eb70000 - 0x6eb82000 	C:\windows\system32\MPR.dll
0x76340000 - 0x7635f000 	C:\windows\system32\IMM32.DLL
0x75e80000 - 0x75f4c000 	C:\windows\system32\MSCTF.dll
0x7c340000 - 0x7c396000 	C:\RepastSimphony-2.0\eclipse\jre\bin\msvcr71.dll
0x6d7f0000 - 0x6da9f000 	C:\RepastSimphony-2.0\eclipse\jre\bin\client\jvm.dll
0x6d7a0000 - 0x6d7ac000 	C:\RepastSimphony-2.0\eclipse\jre\bin\verify.dll
0x6d320000 - 0x6d33f000 	C:\RepastSimphony-2.0\eclipse\jre\bin\java.dll
0x6d370000 - 0x6d399000 	C:\RepastSimphony-2.0\eclipse\jre\bin\jdwp.dll
0x6d690000 - 0x6d696000 	C:\RepastSimphony-2.0\eclipse\jre\bin\npt.dll
0x6d7e0000 - 0x6d7ef000 	C:\RepastSimphony-2.0\eclipse\jre\bin\zip.dll
0x6d200000 - 0x6d207000 	C:\RepastSimphony-2.0\eclipse\jre\bin\dt_socket.dll
0x77770000 - 0x777a5000 	C:\windows\system32\WS2_32.dll
0x77740000 - 0x77746000 	C:\windows\system32\NSI.dll
0x74370000 - 0x74380000 	C:\windows\system32\NLAapi.dll
0x6ed20000 - 0x6ed30000 	C:\windows\system32\napinsp.dll
0x6ed00000 - 0x6ed12000 	C:\windows\system32\pnrpnsp.dll
0x751c0000 - 0x751fc000 	C:\windows\System32\mswsock.dll
0x75080000 - 0x750c4000 	C:\windows\system32\DNSAPI.dll
0x6ecf0000 - 0x6ecf8000 	C:\windows\System32\winrnr.dll
0x6ece0000 - 0x6eced000 	C:\windows\system32\wshbth.dll
0x6f910000 - 0x6f937000 	C:\Program Files\Common Files\Microsoft Shared\Windows Live\WLIDNSP.DLL
0x777b0000 - 0x777b5000 	C:\windows\system32\PSAPI.DLL
0x73250000 - 0x7326c000 	C:\windows\system32\IPHLPAPI.DLL
0x73240000 - 0x73247000 	C:\windows\system32\WINNSI.DLL
0x73100000 - 0x73138000 	C:\windows\System32\fwpuclnt.dll
0x6f900000 - 0x6f906000 	C:\windows\system32\rasadhlp.dll
0x74cd0000 - 0x74cd5000 	C:\windows\System32\wshtcpip.dll
0x6d000000 - 0x6d14c000 	C:\RepastSimphony-2.0\eclipse\jre\bin\awt.dll
0x70970000 - 0x709c1000 	C:\windows\system32\WINSPOOL.DRV
0x746d0000 - 0x7486e000 	C:\windows\WinSxS\x86_microsoft.windows.common-controls_6595b64144ccf1df_6.0.7601.17514_none_41e6975e2bd6f2b2\COMCTL32.dll
0x75700000 - 0x7570c000 	C:\windows\system32\CRYPTBASE.dll
0x6d230000 - 0x6d27f000 	C:\RepastSimphony-2.0\eclipse\jre\bin\fontmanager.dll
0x6d600000 - 0x6d613000 	C:\RepastSimphony-2.0\eclipse\jre\bin\net.dll
0x751b0000 - 0x751b6000 	C:\windows\System32\wship6.dll
0x6d620000 - 0x6d629000 	C:\RepastSimphony-2.0\eclipse\jre\bin\nio.dll
0x75200000 - 0x75216000 	C:\windows\system32\CRYPTSP.dll
0x74fa0000 - 0x74fdb000 	C:\windows\system32\rsaenh.dll
0x24370000 - 0x243bd000 	C:\RepastSimphony-2.0\eclipse\jre\bin\jogl.dll
0x70590000 - 0x70658000 	C:\windows\system32\OPENGL32.dll
0x70b20000 - 0x70b42000 	C:\windows\system32\GLU32.dll
0x6ac60000 - 0x6ad47000 	C:\windows\system32\DDRAW.dll
0x70c50000 - 0x70c56000 	C:\windows\system32\DCIMAN32.dll
0x6d350000 - 0x6d356000 	C:\RepastSimphony-2.0\eclipse\jre\bin\jawt.dll
0x241e0000 - 0x241e5000 	C:\RepastSimphony-2.0\eclipse\jre\bin\jogl_awt.dll
0x27e90000 - 0x28282000 	C:\windows\system32\ig4icd32.dll
0x28390000 - 0x2862a000 	C:\windows\system32\ig4dev32.dll

VM Arguments:
jvm_args: -agentlib:jdwp=transport=dt_socket,suspend=y,address=localhost:51438 -Xss10M -Xmx400M -Dfile.encoding=UTF-8 
java_command: repast.simphony.runtime.RepastMain C:\RepastSimphony-2.0\workspace\AutoSimmune/autosimmune.rs
Launcher Type: SUN_STANDARD

Environment Variables:
JAVA_HOME=C:\Program Files\Java\jdk1.7.0
PATH=C:\RepastSimphony-2.0\eclipse\jre\bin;C:/RepastSimphony-2.0/eclipse/jre/bin/client;C:/RepastSimphony-2.0/eclipse/jre/bin;C:/RepastSimphony-2.0/eclipse/jre/lib/i386;C:\PROGRAM FILES\COMMON FILES\MICROSOFT SHARED\WINDOWS LIVE;C:\windows\SYSTEM32;C:\windows;C:\windows\SYSTEM32\WBEM;C:\windows\SYSTEM32\WINDOWSPOWERSHELL\V1.0\;C:\PROGRAM FILES\WINDOWS LIVE\SHARED;C:\PROGRAM FILES\TREND MICRO\AMSP;;c:\\Program Files\java\jdk1.7.0\bin;C:\Program Files\TortoiseSVN\bin;C:\Program Files\Graphviz2.26.3\bin;C:\RepastSimphony-2.0\eclipse;
USERNAME=alcione
OS=Windows_NT
PROCESSOR_IDENTIFIER=x86 Family 6 Model 28 Stepping 10, GenuineIntel



---------------  S Y S T E M  ---------------

OS: Windows 7 Build 7601 Service Pack 1

CPU:total 4 (2 cores per cpu, 2 threads per core) family 6 model 28 stepping 10, cmov, cx8, fxsr, mmx, sse, sse2, sse3, ssse3, ht

Memory: 4k page, physical 2087096k(863024k free), swap 4174192k(2591748k free)

vm_info: Java HotSpot(TM) Client VM (20.6-b01) for windows-x86 JRE (1.6.0_31-b05), built on Feb  3 2012 18:44:09 by "java_re" with MS VC++ 7.1 (VS2003)

time: Sun Sep 09 11:53:32 2012
elapsed time: 88 seconds

