2013-07-09 18:01:00,409 - ************************************************************** 
2013-07-09 18:01:00,409 - Starting Jakarta Velocity v1.4
2013-07-09 18:01:00,409 - RuntimeInstance initializing.
2013-07-09 18:01:00,409 - Default Properties File: org\apache\velocity\runtime\defaults\velocity.properties
2013-07-09 18:01:00,409 - Trying to use logger class org.apache.velocity.runtime.log.SimpleLog4JLogSystem
2013-07-09 18:01:00,409 - Using logger class org.apache.velocity.runtime.log.SimpleLog4JLogSystem
2013-07-09 18:01:00,413 - Default ResourceManager initializing. (class org.apache.velocity.runtime.resource.ResourceManagerImpl)
2013-07-09 18:01:00,416 - Resource Loader Instantiated: org.apache.velocity.runtime.resource.loader.ClasspathResourceLoader
2013-07-09 18:01:00,416 - ClasspathResourceLoader : initialization starting.
2013-07-09 18:01:00,416 - ClasspathResourceLoader : initialization complete.
2013-07-09 18:01:00,417 - ResourceCache : initialized. (class org.apache.velocity.runtime.resource.ResourceCacheImpl)
2013-07-09 18:01:00,417 - Default ResourceManager initialization complete.
2013-07-09 18:01:00,419 - Loaded System Directive: org.apache.velocity.runtime.directive.Literal
2013-07-09 18:01:00,421 - Loaded System Directive: org.apache.velocity.runtime.directive.Macro
2013-07-09 18:01:00,423 - Loaded System Directive: org.apache.velocity.runtime.directive.Parse
2013-07-09 18:01:00,425 - Loaded System Directive: org.apache.velocity.runtime.directive.Include
2013-07-09 18:01:00,426 - Loaded System Directive: org.apache.velocity.runtime.directive.Foreach
2013-07-09 18:01:00,458 - Created: 20 parsers.
2013-07-09 18:01:00,466 - Velocimacro : initialization starting.
2013-07-09 18:01:00,466 - Velocimacro : adding VMs from VM library template : VM_global_library.vm
2013-07-09 18:01:00,481 - ResourceManager : unable to find resource 'VM_global_library.vm' in any resource loader.
2013-07-09 18:01:00,481 - Velocimacro : error using  VM library template VM_global_library.vm : org.apache.velocity.exception.ResourceNotFoundException: Unable to find resource 'VM_global_library.vm'
2013-07-09 18:01:00,481 - Velocimacro :  VM library template macro registration complete.
2013-07-09 18:01:00,481 - Velocimacro : allowInline = true : VMs can be defined inline in templates
2013-07-09 18:01:00,481 - Velocimacro : allowInlineToOverride = false : VMs defined inline may NOT replace previous VM definitions
2013-07-09 18:01:00,482 - Velocimacro : allowInlineLocal = false : VMs defined inline will be  global in scope if allowed.
2013-07-09 18:01:00,482 - Velocimacro : messages on  : VM system will output logging messages
2013-07-09 18:01:00,482 - Velocimacro : autoload off  : VM system will not automatically reload global library macros
2013-07-09 18:01:00,482 - Velocimacro : initialization complete.
2013-07-09 18:01:00,482 - Velocity successfully started.
2013-07-09 18:16:07,963 - SimpleLog4JLogSystem initialized using logfile 'velocity.log'
2013-07-09 18:16:07,963 - ************************************************************** 
2013-07-09 18:16:07,963 - Starting Jakarta Velocity v1.4
2013-07-09 18:16:07,963 - RuntimeInstance initializing.
2013-07-09 18:16:07,963 - Default Properties File: org\apache\velocity\runtime\defaults\velocity.properties
2013-07-09 18:16:07,963 - Trying to use logger class org.apache.velocity.runtime.log.SimpleLog4JLogSystem
2013-07-09 18:16:07,963 - Using logger class org.apache.velocity.runtime.log.SimpleLog4JLogSystem
2013-07-09 18:16:07,967 - Default ResourceManager initializing. (class org.apache.velocity.runtime.resource.ResourceManagerImpl)
2013-07-09 18:16:07,969 - Resource Loader Instantiated: org.apache.velocity.runtime.resource.loader.ClasspathResourceLoader
2013-07-09 18:16:07,969 - ClasspathResourceLoader : initialization starting.
2013-07-09 18:16:07,969 - ClasspathResourceLoader : initialization complete.
2013-07-09 18:16:07,971 - ResourceCache : initialized. (class org.apache.velocity.runtime.resource.ResourceCacheImpl)
2013-07-09 18:16:07,971 - Default ResourceManager initialization complete.
2013-07-09 18:16:07,972 - Loaded System Directive: org.apache.velocity.runtime.directive.Literal
2013-07-09 18:16:07,974 - Loaded System Directive: org.apache.velocity.runtime.directive.Macro
2013-07-09 18:16:07,977 - Loaded System Directive: org.apache.velocity.runtime.directive.Parse
2013-07-09 18:16:07,979 - Loaded System Directive: org.apache.velocity.runtime.directive.Include
2013-07-09 18:16:07,980 - Loaded System Directive: org.apache.velocity.runtime.directive.Foreach
2013-07-09 18:16:08,012 - Created: 20 parsers.
2013-07-09 18:16:08,021 - Velocimacro : initialization starting.
2013-07-09 18:16:08,021 - Velocimacro : adding VMs from VM library template : VM_global_library.vm
2013-07-09 18:16:08,028 - ResourceManager : unable to find resource 'VM_global_library.vm' in any resource loader.
2013-07-09 18:16:08,028 - Velocimacro : error using  VM library template VM_global_library.vm : org.apache.velocity.exception.ResourceNotFoundException: Unable to find resource 'VM_global_library.vm'
2013-07-09 18:16:08,028 - Velocimacro :  VM library template macro registration complete.
2013-07-09 18:16:08,028 - Velocimacro : allowInline = true : VMs can be defined inline in templates
2013-07-09 18:16:08,028 - Velocimacro : allowInlineToOverride = false : VMs defined inline may NOT replace previous VM definitions
2013-07-09 18:16:08,028 - Velocimacro : allowInlineLocal = false : VMs defined inline will be  global in scope if allowed.
2013-07-09 18:16:08,028 - Velocimacro : messages on  : VM system will output logging messages
2013-07-09 18:16:08,028 - Velocimacro : autoload off  : VM system will not automatically reload global library macros
2013-07-09 18:16:08,028 - Velocimacro : initialization complete.
2013-07-09 18:16:08,028 - Velocity successfully started.
2013-07-09 18:30:38,873 - SimpleLog4JLogSystem initialized using logfile 'velocity.log'
2013-07-09 18:30:38,873 - ************************************************************** 
2013-07-09 18:30:38,873 - Starting Jakarta Velocity v1.4
2013-07-09 18:30:38,873 - RuntimeInstance initializing.
2013-07-09 18:30:38,873 - Default Properties File: org\apache\velocity\runtime\defaults\velocity.properties
2013-07-09 18:30:38,874 - Trying to use logger class org.apache.velocity.runtime.log.SimpleLog4JLogSystem
2013-07-09 18:30:38,874 - Using logger class org.apache.velocity.runtime.log.SimpleLog4JLogSystem
2013-07-09 18:30:38,877 - Default ResourceManager initializing. (class org.apache.velocity.runtime.resource.ResourceManagerImpl)
2013-07-09 18:30:38,879 - Resource Loader Instantiated: org.apache.velocity.runtime.resource.loader.ClasspathResourceLoader
2013-07-09 18:30:38,879 - ClasspathResourceLoader : initialization starting.
2013-07-09 18:30:38,879 - ClasspathResourceLoader : initialization complete.
2013-07-09 18:30:38,881 - ResourceCache : initialized. (class org.apache.velocity.runtime.resource.ResourceCacheImpl)
2013-07-09 18:30:38,881 - Default ResourceManager initialization complete.
2013-07-09 18:30:38,883 - Loaded System Directive: org.apache.velocity.runtime.directive.Literal
2013-07-09 18:30:38,884 - Loaded System Directive: org.apache.velocity.runtime.directive.Macro
2013-07-09 18:30:38,887 - Loaded System Directive: org.apache.velocity.runtime.directive.Parse
2013-07-09 18:30:38,889 - Loaded System Directive: org.apache.velocity.runtime.directive.Include
2013-07-09 18:30:38,890 - Loaded System Directive: org.apache.velocity.runtime.directive.Foreach
2013-07-09 18:30:38,922 - Created: 20 parsers.
2013-07-09 18:30:38,930 - Velocimacro : initialization starting.
2013-07-09 18:30:38,930 - Velocimacro : adding VMs from VM library template : VM_global_library.vm
2013-07-09 18:30:38,936 - ResourceManager : unable to find resource 'VM_global_library.vm' in any resource loader.
2013-07-09 18:30:38,936 - Velocimacro : error using  VM library template VM_global_library.vm : org.apache.velocity.exception.ResourceNotFoundException: Unable to find resource 'VM_global_library.vm'
2013-07-09 18:30:38,936 - Velocimacro :  VM library template macro registration complete.
2013-07-09 18:30:38,936 - Velocimacro : allowInline = true : VMs can be defined inline in templates
2013-07-09 18:30:38,936 - Velocimacro : allowInlineToOverride = false : VMs defined inline may NOT replace previous VM definitions
2013-07-09 18:30:38,937 - Velocimacro : allowInlineLocal = false : VMs defined inline will be  global in scope if allowed.
2013-07-09 18:30:38,937 - Velocimacro : messages on  : VM system will output logging messages
2013-07-09 18:30:38,937 - Velocimacro : autoload off  : VM system will not automatically reload global library macros
2013-07-09 18:30:38,937 - Velocimacro : initialization complete.
2013-07-09 18:30:38,937 - Velocity successfully started.
2013-07-09 18:33:52,340 - SimpleLog4JLogSystem initialized using logfile 'velocity.log'
2013-07-09 18:33:52,340 - ************************************************************** 
2013-07-09 18:33:52,340 - Starting Jakarta Velocity v1.4
2013-07-09 18:33:52,340 - RuntimeInstance initializing.
2013-07-09 18:33:52,340 - Default Properties File: org\apache\velocity\runtime\defaults\velocity.properties
2013-07-09 18:33:52,340 - Trying to use logger class org.apache.velocity.runtime.log.SimpleLog4JLogSystem
2013-07-09 18:33:52,340 - Using logger class org.apache.velocity.runtime.log.SimpleLog4JLogSystem
2013-07-09 18:33:52,343 - Default ResourceManager initializing. (class org.apache.velocity.runtime.resource.ResourceManagerImpl)
2013-07-09 18:33:52,346 - Resource Loader Instantiated: org.apache.velocity.runtime.resource.loader.ClasspathResourceLoader
2013-07-09 18:33:52,346 - ClasspathResourceLoader : initialization starting.
2013-07-09 18:33:52,346 - ClasspathResourceLoader : initialization complete.
2013-07-09 18:33:52,348 - ResourceCache : initialized. (class org.apache.velocity.runtime.resource.ResourceCacheImpl)
2013-07-09 18:33:52,348 - Default ResourceManager initialization complete.
2013-07-09 18:33:52,350 - Loaded System Directive: org.apache.velocity.runtime.directive.Literal
2013-07-09 18:33:52,352 - Loaded System Directive: org.apache.velocity.runtime.directive.Macro
2013-07-09 18:33:52,355 - Loaded System Directive: org.apache.velocity.runtime.directive.Parse
2013-07-09 18:33:52,357 - Loaded System Directive: org.apache.velocity.runtime.directive.Include
2013-07-09 18:33:52,358 - Loaded System Directive: org.apache.velocity.runtime.directive.Foreach
2013-07-09 18:33:52,391 - Created: 20 parsers.
2013-07-09 18:33:52,399 - Velocimacro : initialization starting.
2013-07-09 18:33:52,399 - Velocimacro : adding VMs from VM library template : VM_global_library.vm
2013-07-09 18:33:52,406 - ResourceManager : unable to find resource 'VM_global_library.vm' in any resource loader.
2013-07-09 18:33:52,406 - Velocimacro : error using  VM library template VM_global_library.vm : org.apache.velocity.exception.ResourceNotFoundException: Unable to find resource 'VM_global_library.vm'
2013-07-09 18:33:52,406 - Velocimacro :  VM library template macro registration complete.
2013-07-09 18:33:52,406 - Velocimacro : allowInline = true : VMs can be defined inline in templates
2013-07-09 18:33:52,406 - Velocimacro : allowInlineToOverride = false : VMs defined inline may NOT replace previous VM definitions
2013-07-09 18:33:52,406 - Velocimacro : allowInlineLocal = false : VMs defined inline will be  global in scope if allowed.
2013-07-09 18:33:52,406 - Velocimacro : messages on  : VM system will output logging messages
2013-07-09 18:33:52,406 - Velocimacro : autoload off  : VM system will not automatically reload global library macros
2013-07-09 18:33:52,406 - Velocimacro : initialization complete.
2013-07-09 18:33:52,406 - Velocity successfully started.
2013-07-09 19:51:24,752 - SimpleLog4JLogSystem initialized using logfile 'velocity.log'
2013-07-09 19:51:24,752 - ************************************************************** 
2013-07-09 19:51:24,752 - Starting Jakarta Velocity v1.4
2013-07-09 19:51:24,752 - RuntimeInstance initializing.
2013-07-09 19:51:24,752 - Default Properties File: org\apache\velocity\runtime\defaults\velocity.properties
2013-07-09 19:51:24,752 - Trying to use logger class org.apache.velocity.runtime.log.SimpleLog4JLogSystem
2013-07-09 19:51:24,752 - Using logger class org.apache.velocity.runtime.log.SimpleLog4JLogSystem
2013-07-09 19:51:24,752 - Default ResourceManager initializing. (class org.apache.velocity.runtime.resource.ResourceManagerImpl)
2013-07-09 19:51:24,762 - Resource Loader Instantiated: org.apache.velocity.runtime.resource.loader.ClasspathResourceLoader
2013-07-09 19:51:24,762 - ClasspathResourceLoader : initialization starting.
2013-07-09 19:51:24,762 - ClasspathResourceLoader : initialization complete.
2013-07-09 19:51:24,762 - ResourceCache : initialized. (class org.apache.velocity.runtime.resource.ResourceCacheImpl)
2013-07-09 19:51:24,762 - Default ResourceManager initialization complete.
2013-07-09 19:51:24,762 - Loaded System Directive: org.apache.velocity.runtime.directive.Literal
2013-07-09 19:51:24,762 - Loaded System Directive: org.apache.velocity.runtime.directive.Macro
2013-07-09 19:51:24,762 - Loaded System Directive: org.apache.velocity.runtime.directive.Parse
2013-07-09 19:51:24,772 - Loaded System Directive: org.apache.velocity.runtime.directive.Include
2013-07-09 19:51:24,772 - Loaded System Directive: org.apache.velocity.runtime.directive.Foreach
2013-07-09 19:51:24,802 - Created: 20 parsers.
2013-07-09 19:51:24,812 - Velocimacro : initialization starting.
2013-07-09 19:51:24,812 - Velocimacro : adding VMs from VM library template : VM_global_library.vm
2013-07-09 19:51:24,812 - ResourceManager : unable to find resource 'VM_global_library.vm' in any resource loader.
2013-07-09 19:51:24,812 - Velocimacro : error using  VM library template VM_global_library.vm : org.apache.velocity.exception.ResourceNotFoundException: Unable to find resource 'VM_global_library.vm'
2013-07-09 19:51:24,812 - Velocimacro :  VM library template macro registration complete.
2013-07-09 19:51:24,812 - Velocimacro : allowInline = true : VMs can be defined inline in templates
2013-07-09 19:51:24,812 - Velocimacro : allowInlineToOverride = false : VMs defined inline may NOT replace previous VM definitions
2013-07-09 19:51:24,812 - Velocimacro : allowInlineLocal = false : VMs defined inline will be  global in scope if allowed.
2013-07-09 19:51:24,812 - Velocimacro : messages on  : VM system will output logging messages
2013-07-09 19:51:24,812 - Velocimacro : autoload off  : VM system will not automatically reload global library macros
2013-07-09 19:51:24,812 - Velocimacro : initialization complete.
2013-07-09 19:51:24,812 - Velocity successfully started.
2013-07-09 19:51:25,202 - SimpleLog4JLogSystem initialized using logfile 'velocity.log'
2013-07-09 19:51:25,202 - ************************************************************** 
2013-07-09 19:51:25,202 - Starting Jakarta Velocity v1.4
2013-07-09 19:51:25,202 - RuntimeInstance initializing.
2013-07-09 19:51:25,202 - Default Properties File: org\apache\velocity\runtime\defaults\velocity.properties
2013-07-09 19:51:25,202 - Trying to use logger class org.apache.velocity.runtime.log.SimpleLog4JLogSystem
2013-07-09 19:51:25,202 - Using logger class org.apache.velocity.runtime.log.SimpleLog4JLogSystem
2013-07-09 19:51:25,202 - Default ResourceManager initializing. (class org.apache.velocity.runtime.resource.ResourceManagerImpl)
2013-07-09 19:51:25,202 - Resource Loader Instantiated: org.apache.velocity.runtime.resource.loader.ClasspathResourceLoader
2013-07-09 19:51:25,202 - ClasspathResourceLoader : initialization starting.
2013-07-09 19:51:25,202 - ClasspathResourceLoader : initialization complete.
2013-07-09 19:51:25,212 - ResourceCache : initialized. (class org.apache.velocity.runtime.resource.ResourceCacheImpl)
2013-07-09 19:51:25,212 - Default ResourceManager initialization complete.
2013-07-09 19:51:25,212 - Loaded System Directive: org.apache.velocity.runtime.directive.Literal
2013-07-09 19:51:25,212 - Loaded System Directive: org.apache.velocity.runtime.directive.Macro
2013-07-09 19:51:25,212 - Loaded System Directive: org.apache.velocity.runtime.directive.Parse
2013-07-09 19:51:25,212 - Loaded System Directive: org.apache.velocity.runtime.directive.Include
2013-07-09 19:51:25,222 - Loaded System Directive: org.apache.velocity.runtime.directive.Foreach
2013-07-09 19:51:25,252 - Created: 20 parsers.
2013-07-09 19:51:25,252 - Velocimacro : initialization starting.
2013-07-09 19:51:25,252 - Velocimacro : adding VMs from VM library template : VM_global_library.vm
2013-07-09 19:51:25,262 - ResourceManager : unable to find resource 'VM_global_library.vm' in any resource loader.
2013-07-09 19:51:25,262 - Velocimacro : error using  VM library template VM_global_library.vm : org.apache.velocity.exception.ResourceNotFoundException: Unable to find resource 'VM_global_library.vm'
2013-07-09 19:51:25,262 - Velocimacro :  VM library template macro registration complete.
2013-07-09 19:51:25,262 - Velocimacro : allowInline = true : VMs can be defined inline in templates
2013-07-09 19:51:25,262 - Velocimacro : allowInlineToOverride = false : VMs defined inline may NOT replace previous VM definitions
2013-07-09 19:51:25,262 - Velocimacro : allowInlineLocal = false : VMs defined inline will be  global in scope if allowed.
2013-07-09 19:51:25,262 - Velocimacro : messages on  : VM system will output logging messages
2013-07-09 19:51:25,262 - Velocimacro : autoload off  : VM system will not automatically reload global library macros
2013-07-09 19:51:25,262 - Velocimacro : initialization complete.
2013-07-09 19:51:25,262 - Velocity successfully started.
2013-07-09 19:53:04,014 - SimpleLog4JLogSystem initialized using logfile 'velocity.log'
2013-07-09 19:53:04,014 - ************************************************************** 
2013-07-09 19:53:04,014 - Starting Jakarta Velocity v1.4
2013-07-09 19:53:04,014 - RuntimeInstance initializing.
2013-07-09 19:53:04,014 - Default Properties File: org\apache\velocity\runtime\defaults\velocity.properties
2013-07-09 19:53:04,014 - Trying to use logger class org.apache.velocity.runtime.log.SimpleLog4JLogSystem
2013-07-09 19:53:04,014 - Using logger class org.apache.velocity.runtime.log.SimpleLog4JLogSystem
2013-07-09 19:53:04,024 - Default ResourceManager initializing. (class org.apache.velocity.runtime.resource.ResourceManagerImpl)
2013-07-09 19:53:04,024 - Resource Loader Instantiated: org.apache.velocity.runtime.resource.loader.ClasspathResourceLoader
2013-07-09 19:53:04,024 - ClasspathResourceLoader : initialization starting.
2013-07-09 19:53:04,024 - ClasspathResourceLoader : initialization complete.
2013-07-09 19:53:04,024 - ResourceCache : initialized. (class org.apache.velocity.runtime.resource.ResourceCacheImpl)
2013-07-09 19:53:04,024 - Default ResourceManager initialization complete.
2013-07-09 19:53:04,034 - Loaded System Directive: org.apache.velocity.runtime.directive.Literal
2013-07-09 19:53:04,034 - Loaded System Directive: org.apache.velocity.runtime.directive.Macro
2013-07-09 19:53:04,034 - Loaded System Directive: org.apache.velocity.runtime.directive.Parse
2013-07-09 19:53:04,034 - Loaded System Directive: org.apache.velocity.runtime.directive.Include
2013-07-09 19:53:04,034 - Loaded System Directive: org.apache.velocity.runtime.directive.Foreach
2013-07-09 19:53:04,074 - Created: 20 parsers.
2013-07-09 19:53:04,074 - Velocimacro : initialization starting.
2013-07-09 19:53:04,074 - Velocimacro : adding VMs from VM library template : VM_global_library.vm
2013-07-09 19:53:04,084 - ResourceManager : unable to find resource 'VM_global_library.vm' in any resource loader.
2013-07-09 19:53:04,084 - Velocimacro : error using  VM library template VM_global_library.vm : org.apache.velocity.exception.ResourceNotFoundException: Unable to find resource 'VM_global_library.vm'
2013-07-09 19:53:04,084 - Velocimacro :  VM library template macro registration complete.
2013-07-09 19:53:04,084 - Velocimacro : allowInline = true : VMs can be defined inline in templates
2013-07-09 19:53:04,084 - Velocimacro : allowInlineToOverride = false : VMs defined inline may NOT replace previous VM definitions
2013-07-09 19:53:04,084 - Velocimacro : allowInlineLocal = false : VMs defined inline will be  global in scope if allowed.
2013-07-09 19:53:04,084 - Velocimacro : messages on  : VM system will output logging messages
2013-07-09 19:53:04,084 - Velocimacro : autoload off  : VM system will not automatically reload global library macros
2013-07-09 19:53:04,084 - Velocimacro : initialization complete.
2013-07-09 19:53:04,084 - Velocity successfully started.
2013-07-09 19:54:41,245 - SimpleLog4JLogSystem initialized using logfile 'velocity.log'
2013-07-09 19:54:41,245 - ************************************************************** 
2013-07-09 19:54:41,245 - Starting Jakarta Velocity v1.4
2013-07-09 19:54:41,245 - RuntimeInstance initializing.
2013-07-09 19:54:41,245 - Default Properties File: org\apache\velocity\runtime\defaults\velocity.properties
2013-07-09 19:54:41,245 - Trying to use logger class org.apache.velocity.runtime.log.SimpleLog4JLogSystem
2013-07-09 19:54:41,245 - Using logger class org.apache.velocity.runtime.log.SimpleLog4JLogSystem
2013-07-09 19:54:41,261 - Default ResourceManager initializing. (class org.apache.velocity.runtime.resource.ResourceManagerImpl)
2013-07-09 19:54:41,261 - Resource Loader Instantiated: org.apache.velocity.runtime.resource.loader.ClasspathResourceLoader
2013-07-09 19:54:41,261 - ClasspathResourceLoader : initialization starting.
2013-07-09 19:54:41,261 - ClasspathResourceLoader : initialization complete.
2013-07-09 19:54:41,261 - ResourceCache : initialized. (class org.apache.velocity.runtime.resource.ResourceCacheImpl)
2013-07-09 19:54:41,261 - Default ResourceManager initialization complete.
2013-07-09 19:54:41,261 - Loaded System Directive: org.apache.velocity.runtime.directive.Literal
2013-07-09 19:54:41,261 - Loaded System Directive: org.apache.velocity.runtime.directive.Macro
2013-07-09 19:54:41,261 - Loaded System Directive: org.apache.velocity.runtime.directive.Parse
2013-07-09 19:54:41,261 - Loaded System Directive: org.apache.velocity.runtime.directive.Include
2013-07-09 19:54:41,261 - Loaded System Directive: org.apache.velocity.runtime.directive.Foreach
2013-07-09 19:54:41,308 - Created: 20 parsers.
2013-07-09 19:54:41,308 - Velocimacro : initialization starting.
2013-07-09 19:54:41,308 - Velocimacro : adding VMs from VM library template : VM_global_library.vm
2013-07-09 19:54:41,323 - ResourceManager : unable to find resource 'VM_global_library.vm' in any resource loader.
2013-07-09 19:54:41,323 - Velocimacro : error using  VM library template VM_global_library.vm : org.apache.velocity.exception.ResourceNotFoundException: Unable to find resource 'VM_global_library.vm'
2013-07-09 19:54:41,323 - Velocimacro :  VM library template macro registration complete.
2013-07-09 19:54:41,323 - Velocimacro : allowInline = true : VMs can be defined inline in templates
2013-07-09 19:54:41,323 - Velocimacro : allowInlineToOverride = false : VMs defined inline may NOT replace previous VM definitions
2013-07-09 19:54:41,323 - Velocimacro : allowInlineLocal = false : VMs defined inline will be  global in scope if allowed.
2013-07-09 19:54:41,323 - Velocimacro : messages on  : VM system will output logging messages
2013-07-09 19:54:41,323 - Velocimacro : autoload off  : VM system will not automatically reload global library macros
2013-07-09 19:54:41,323 - Velocimacro : initialization complete.
2013-07-09 19:54:41,323 - Velocity successfully started.
2013-07-10 16:43:45,706 - SimpleLog4JLogSystem initialized using logfile 'velocity.log'
2013-07-10 16:43:45,706 - ************************************************************** 
2013-07-10 16:43:45,706 - Starting Jakarta Velocity v1.4
2013-07-10 16:43:45,706 - RuntimeInstance initializing.
2013-07-10 16:43:45,706 - Default Properties File: org\apache\velocity\runtime\defaults\velocity.properties
2013-07-10 16:43:45,706 - Trying to use logger class org.apache.velocity.runtime.log.SimpleLog4JLogSystem
2013-07-10 16:43:45,706 - Using logger class org.apache.velocity.runtime.log.SimpleLog4JLogSystem
2013-07-10 16:43:45,709 - Default ResourceManager initializing. (class org.apache.velocity.runtime.resource.ResourceManagerImpl)
2013-07-10 16:43:45,712 - Resource Loader Instantiated: org.apache.velocity.runtime.resource.loader.ClasspathResourceLoader
2013-07-10 16:43:45,712 - ClasspathResourceLoader : initialization starting.
2013-07-10 16:43:45,712 - ClasspathResourceLoader : initialization complete.
2013-07-10 16:43:45,713 - ResourceCache : initialized. (class org.apache.velocity.runtime.resource.ResourceCacheImpl)
2013-07-10 16:43:45,713 - Default ResourceManager initialization complete.
2013-07-10 16:43:45,715 - Loaded System Directive: org.apache.velocity.runtime.directive.Literal
2013-07-10 16:43:45,717 - Loaded System Directive: org.apache.velocity.runtime.directive.Macro
2013-07-10 16:43:45,719 - Loaded System Directive: org.apache.velocity.runtime.directive.Parse
2013-07-10 16:43:45,721 - Loaded System Directive: org.apache.velocity.runtime.directive.Include
2013-07-10 16:43:45,722 - Loaded System Directive: org.apache.velocity.runtime.directive.Foreach
2013-07-10 16:43:45,752 - Created: 20 parsers.
2013-07-10 16:43:45,759 - Velocimacro : initialization starting.
2013-07-10 16:43:45,759 - Velocimacro : adding VMs from VM library template : VM_global_library.vm
2013-07-10 16:43:45,766 - ResourceManager : unable to find resource 'VM_global_library.vm' in any resource loader.
2013-07-10 16:43:45,766 - Velocimacro : error using  VM library template VM_global_library.vm : org.apache.velocity.exception.ResourceNotFoundException: Unable to find resource 'VM_global_library.vm'
2013-07-10 16:43:45,766 - Velocimacro :  VM library template macro registration complete.
2013-07-10 16:43:45,766 - Velocimacro : allowInline = true : VMs can be defined inline in templates
2013-07-10 16:43:45,766 - Velocimacro : allowInlineToOverride = false : VMs defined inline may NOT replace previous VM definitions
2013-07-10 16:43:45,766 - Velocimacro : allowInlineLocal = false : VMs defined inline will be  global in scope if allowed.
2013-07-10 16:43:45,766 - Velocimacro : messages on  : VM system will output logging messages
2013-07-10 16:43:45,766 - Velocimacro : autoload off  : VM system will not automatically reload global library macros
2013-07-10 16:43:45,766 - Velocimacro : initialization complete.
2013-07-10 16:43:45,766 - Velocity successfully started.
2013-07-10 17:31:19,684 - SimpleLog4JLogSystem initialized using logfile 'velocity.log'
2013-07-10 17:31:19,684 - ************************************************************** 
2013-07-10 17:31:19,684 - Starting Jakarta Velocity v1.4
2013-07-10 17:31:19,684 - RuntimeInstance initializing.
2013-07-10 17:31:19,684 - Default Properties File: org\apache\velocity\runtime\defaults\velocity.properties
2013-07-10 17:31:19,684 - Trying to use logger class org.apache.velocity.runtime.log.SimpleLog4JLogSystem
2013-07-10 17:31:19,684 - Using logger class org.apache.velocity.runtime.log.SimpleLog4JLogSystem
2013-07-10 17:31:19,684 - Default ResourceManager initializing. (class org.apache.velocity.runtime.resource.ResourceManagerImpl)
2013-07-10 17:31:19,694 - Resource Loader Instantiated: org.apache.velocity.runtime.resource.loader.ClasspathResourceLoader
2013-07-10 17:31:19,694 - ClasspathResourceLoader : initialization starting.
2013-07-10 17:31:19,694 - ClasspathResourceLoader : initialization complete.
2013-07-10 17:31:19,694 - ResourceCache : initialized. (class org.apache.velocity.runtime.resource.ResourceCacheImpl)
2013-07-10 17:31:19,694 - Default ResourceManager initialization complete.
2013-07-10 17:31:19,694 - Loaded System Directive: org.apache.velocity.runtime.directive.Literal
2013-07-10 17:31:19,694 - Loaded System Directive: org.apache.velocity.runtime.directive.Macro
2013-07-10 17:31:19,704 - Loaded System Directive: org.apache.velocity.runtime.directive.Parse
2013-07-10 17:31:19,704 - Loaded System Directive: org.apache.velocity.runtime.directive.Include
2013-07-10 17:31:19,704 - Loaded System Directive: org.apache.velocity.runtime.directive.Foreach
2013-07-10 17:31:19,734 - Created: 20 parsers.
2013-07-10 17:31:19,734 - Velocimacro : initialization starting.
2013-07-10 17:31:19,734 - Velocimacro : adding VMs from VM library template : VM_global_library.vm
2013-07-10 17:31:19,744 - ResourceManager : unable to find resource 'VM_global_library.vm' in any resource loader.
2013-07-10 17:31:19,744 - Velocimacro : error using  VM library template VM_global_library.vm : org.apache.velocity.exception.ResourceNotFoundException: Unable to find resource 'VM_global_library.vm'
2013-07-10 17:31:19,744 - Velocimacro :  VM library template macro registration complete.
2013-07-10 17:31:19,744 - Velocimacro : allowInline = true : VMs can be defined inline in templates
2013-07-10 17:31:19,744 - Velocimacro : allowInlineToOverride = false : VMs defined inline may NOT replace previous VM definitions
2013-07-10 17:31:19,744 - Velocimacro : allowInlineLocal = false : VMs defined inline will be  global in scope if allowed.
2013-07-10 17:31:19,744 - Velocimacro : messages on  : VM system will output logging messages
2013-07-10 17:31:19,744 - Velocimacro : autoload off  : VM system will not automatically reload global library macros
2013-07-10 17:31:19,744 - Velocimacro : initialization complete.
2013-07-10 17:31:19,744 - Velocity successfully started.
2013-07-11 14:36:34,298 - SimpleLog4JLogSystem initialized using logfile 'velocity.log'
2013-07-11 14:36:34,298 - ************************************************************** 
2013-07-11 14:36:34,298 - Starting Jakarta Velocity v1.4
2013-07-11 14:36:34,298 - RuntimeInstance initializing.
2013-07-11 14:36:34,298 - Default Properties File: org\apache\velocity\runtime\defaults\velocity.properties
2013-07-11 14:36:34,298 - Trying to use logger class org.apache.velocity.runtime.log.SimpleLog4JLogSystem
2013-07-11 14:36:34,298 - Using logger class org.apache.velocity.runtime.log.SimpleLog4JLogSystem
2013-07-11 14:36:34,298 - Default ResourceManager initializing. (class org.apache.velocity.runtime.resource.ResourceManagerImpl)
2013-07-11 14:36:34,298 - Resource Loader Instantiated: org.apache.velocity.runtime.resource.loader.ClasspathResourceLoader
2013-07-11 14:36:34,298 - ClasspathResourceLoader : initialization starting.
2013-07-11 14:36:34,298 - ClasspathResourceLoader : initialization complete.
2013-07-11 14:36:34,298 - ResourceCache : initialized. (class org.apache.velocity.runtime.resource.ResourceCacheImpl)
2013-07-11 14:36:34,298 - Default ResourceManager initialization complete.
2013-07-11 14:36:34,314 - Loaded System Directive: org.apache.velocity.runtime.directive.Literal
2013-07-11 14:36:34,314 - Loaded System Directive: org.apache.velocity.runtime.directive.Macro
2013-07-11 14:36:34,314 - Loaded System Directive: org.apache.velocity.runtime.directive.Parse
2013-07-11 14:36:34,314 - Loaded System Directive: org.apache.velocity.runtime.directive.Include
2013-07-11 14:36:34,314 - Loaded System Directive: org.apache.velocity.runtime.directive.Foreach
2013-07-11 14:36:34,345 - Created: 20 parsers.
2013-07-11 14:36:34,361 - Velocimacro : initialization starting.
2013-07-11 14:36:34,361 - Velocimacro : adding VMs from VM library template : VM_global_library.vm
2013-07-11 14:36:34,361 - ResourceManager : unable to find resource 'VM_global_library.vm' in any resource loader.
2013-07-11 14:36:34,361 - Velocimacro : error using  VM library template VM_global_library.vm : org.apache.velocity.exception.ResourceNotFoundException: Unable to find resource 'VM_global_library.vm'
2013-07-11 14:36:34,361 - Velocimacro :  VM library template macro registration complete.
2013-07-11 14:36:34,361 - Velocimacro : allowInline = true : VMs can be defined inline in templates
2013-07-11 14:36:34,361 - Velocimacro : allowInlineToOverride = false : VMs defined inline may NOT replace previous VM definitions
2013-07-11 14:36:34,361 - Velocimacro : allowInlineLocal = false : VMs defined inline will be  global in scope if allowed.
2013-07-11 14:36:34,361 - Velocimacro : messages on  : VM system will output logging messages
2013-07-11 14:36:34,361 - Velocimacro : autoload off  : VM system will not automatically reload global library macros
2013-07-11 14:36:34,361 - Velocimacro : initialization complete.
2013-07-11 14:36:34,361 - Velocity successfully started.
2013-07-11 16:22:25,413 - SimpleLog4JLogSystem initialized using logfile 'velocity.log'
2013-07-11 16:22:25,413 - ************************************************************** 
2013-07-11 16:22:25,413 - Starting Jakarta Velocity v1.4
2013-07-11 16:22:25,413 - RuntimeInstance initializing.
2013-07-11 16:22:25,413 - Default Properties File: org\apache\velocity\runtime\defaults\velocity.properties
2013-07-11 16:22:25,413 - Trying to use logger class org.apache.velocity.runtime.log.SimpleLog4JLogSystem
2013-07-11 16:22:25,413 - Using logger class org.apache.velocity.runtime.log.SimpleLog4JLogSystem
2013-07-11 16:22:25,413 - Default ResourceManager initializing. (class org.apache.velocity.runtime.resource.ResourceManagerImpl)
2013-07-11 16:22:25,429 - Resource Loader Instantiated: org.apache.velocity.runtime.resource.loader.ClasspathResourceLoader
2013-07-11 16:22:25,429 - ClasspathResourceLoader : initialization starting.
2013-07-11 16:22:25,429 - ClasspathResourceLoader : initialization complete.
2013-07-11 16:22:25,429 - ResourceCache : initialized. (class org.apache.velocity.runtime.resource.ResourceCacheImpl)
2013-07-11 16:22:25,429 - Default ResourceManager initialization complete.
2013-07-11 16:22:25,429 - Loaded System Directive: org.apache.velocity.runtime.directive.Literal
2013-07-11 16:22:25,429 - Loaded System Directive: org.apache.velocity.runtime.directive.Macro
2013-07-11 16:22:25,429 - Loaded System Directive: org.apache.velocity.runtime.directive.Parse
2013-07-11 16:22:25,429 - Loaded System Directive: org.apache.velocity.runtime.directive.Include
2013-07-11 16:22:25,429 - Loaded System Directive: org.apache.velocity.runtime.directive.Foreach
2013-07-11 16:22:25,460 - Created: 20 parsers.
2013-07-11 16:22:25,475 - Velocimacro : initialization starting.
2013-07-11 16:22:25,475 - Velocimacro : adding VMs from VM library template : VM_global_library.vm
2013-07-11 16:22:25,475 - ResourceManager : unable to find resource 'VM_global_library.vm' in any resource loader.
2013-07-11 16:22:25,475 - Velocimacro : error using  VM library template VM_global_library.vm : org.apache.velocity.exception.ResourceNotFoundException: Unable to find resource 'VM_global_library.vm'
2013-07-11 16:22:25,475 - Velocimacro :  VM library template macro registration complete.
2013-07-11 16:22:25,475 - Velocimacro : allowInline = true : VMs can be defined inline in templates
2013-07-11 16:22:25,475 - Velocimacro : allowInlineToOverride = false : VMs defined inline may NOT replace previous VM definitions
2013-07-11 16:22:25,475 - Velocimacro : allowInlineLocal = false : VMs defined inline will be  global in scope if allowed.
2013-07-11 16:22:25,475 - Velocimacro : messages on  : VM system will output logging messages
2013-07-11 16:22:25,475 - Velocimacro : autoload off  : VM system will not automatically reload global library macros
2013-07-11 16:22:25,475 - Velocimacro : initialization complete.
2013-07-11 16:22:25,475 - Velocity successfully started.
2013-07-12 15:36:48,391 - SimpleLog4JLogSystem initialized using logfile 'velocity.log'
2013-07-12 15:36:48,391 - ************************************************************** 
2013-07-12 15:36:48,391 - Starting Jakarta Velocity v1.4
2013-07-12 15:36:48,391 - RuntimeInstance initializing.
2013-07-12 15:36:48,391 - Default Properties File: org\apache\velocity\runtime\defaults\velocity.properties
2013-07-12 15:36:48,391 - Trying to use logger class org.apache.velocity.runtime.log.SimpleLog4JLogSystem
2013-07-12 15:36:48,391 - Using logger class org.apache.velocity.runtime.log.SimpleLog4JLogSystem
2013-07-12 15:36:48,391 - Default ResourceManager initializing. (class org.apache.velocity.runtime.resource.ResourceManagerImpl)
2013-07-12 15:36:48,391 - Resource Loader Instantiated: org.apache.velocity.runtime.resource.loader.ClasspathResourceLoader
2013-07-12 15:36:48,391 - ClasspathResourceLoader : initialization starting.
2013-07-12 15:36:48,391 - ClasspathResourceLoader : initialization complete.
2013-07-12 15:36:48,406 - ResourceCache : initialized. (class org.apache.velocity.runtime.resource.ResourceCacheImpl)
2013-07-12 15:36:48,406 - Default ResourceManager initialization complete.
2013-07-12 15:36:48,406 - Loaded System Directive: org.apache.velocity.runtime.directive.Literal
2013-07-12 15:36:48,406 - Loaded System Directive: org.apache.velocity.runtime.directive.Macro
2013-07-12 15:36:48,406 - Loaded System Directive: org.apache.velocity.runtime.directive.Parse
2013-07-12 15:36:48,406 - Loaded System Directive: org.apache.velocity.runtime.directive.Include
2013-07-12 15:36:48,406 - Loaded System Directive: org.apache.velocity.runtime.directive.Foreach
2013-07-12 15:36:48,438 - Created: 20 parsers.
2013-07-12 15:36:48,453 - Velocimacro : initialization starting.
2013-07-12 15:36:48,453 - Velocimacro : adding VMs from VM library template : VM_global_library.vm
2013-07-12 15:36:48,453 - ResourceManager : unable to find resource 'VM_global_library.vm' in any resource loader.
2013-07-12 15:36:48,453 - Velocimacro : error using  VM library template VM_global_library.vm : org.apache.velocity.exception.ResourceNotFoundException: Unable to find resource 'VM_global_library.vm'
2013-07-12 15:36:48,453 - Velocimacro :  VM library template macro registration complete.
2013-07-12 15:36:48,453 - Velocimacro : allowInline = true : VMs can be defined inline in templates
2013-07-12 15:36:48,453 - Velocimacro : allowInlineToOverride = false : VMs defined inline may NOT replace previous VM definitions
2013-07-12 15:36:48,453 - Velocimacro : allowInlineLocal = false : VMs defined inline will be  global in scope if allowed.
2013-07-12 15:36:48,453 - Velocimacro : messages on  : VM system will output logging messages
2013-07-12 15:36:48,453 - Velocimacro : autoload off  : VM system will not automatically reload global library macros
2013-07-12 15:36:48,453 - Velocimacro : initialization complete.
2013-07-12 15:36:48,453 - Velocity successfully started.
2013-07-12 15:39:34,991 - SimpleLog4JLogSystem initialized using logfile 'velocity.log'
2013-07-12 15:39:34,991 - ************************************************************** 
2013-07-12 15:39:34,991 - Starting Jakarta Velocity v1.4
2013-07-12 15:39:34,991 - RuntimeInstance initializing.
2013-07-12 15:39:34,991 - Default Properties File: org\apache\velocity\runtime\defaults\velocity.properties
2013-07-12 15:39:34,991 - Trying to use logger class org.apache.velocity.runtime.log.SimpleLog4JLogSystem
2013-07-12 15:39:34,991 - Using logger class org.apache.velocity.runtime.log.SimpleLog4JLogSystem
2013-07-12 15:39:35,006 - Default ResourceManager initializing. (class org.apache.velocity.runtime.resource.ResourceManagerImpl)
2013-07-12 15:39:35,006 - Resource Loader Instantiated: org.apache.velocity.runtime.resource.loader.ClasspathResourceLoader
2013-07-12 15:39:35,006 - ClasspathResourceLoader : initialization starting.
2013-07-12 15:39:35,006 - ClasspathResourceLoader : initialization complete.
2013-07-12 15:39:35,006 - ResourceCache : initialized. (class org.apache.velocity.runtime.resource.ResourceCacheImpl)
2013-07-12 15:39:35,006 - Default ResourceManager initialization complete.
2013-07-12 15:39:35,006 - Loaded System Directive: org.apache.velocity.runtime.directive.Literal
2013-07-12 15:39:35,006 - Loaded System Directive: org.apache.velocity.runtime.directive.Macro
2013-07-12 15:39:35,006 - Loaded System Directive: org.apache.velocity.runtime.directive.Parse
2013-07-12 15:39:35,006 - Loaded System Directive: org.apache.velocity.runtime.directive.Include
2013-07-12 15:39:35,006 - Loaded System Directive: org.apache.velocity.runtime.directive.Foreach
2013-07-12 15:39:35,053 - Created: 20 parsers.
2013-07-12 15:39:35,053 - Velocimacro : initialization starting.
2013-07-12 15:39:35,053 - Velocimacro : adding VMs from VM library template : VM_global_library.vm
2013-07-12 15:39:35,069 - ResourceManager : unable to find resource 'VM_global_library.vm' in any resource loader.
2013-07-12 15:39:35,069 - Velocimacro : error using  VM library template VM_global_library.vm : org.apache.velocity.exception.ResourceNotFoundException: Unable to find resource 'VM_global_library.vm'
2013-07-12 15:39:35,069 - Velocimacro :  VM library template macro registration complete.
2013-07-12 15:39:35,069 - Velocimacro : allowInline = true : VMs can be defined inline in templates
2013-07-12 15:39:35,069 - Velocimacro : allowInlineToOverride = false : VMs defined inline may NOT replace previous VM definitions
2013-07-12 15:39:35,069 - Velocimacro : allowInlineLocal = false : VMs defined inline will be  global in scope if allowed.
2013-07-12 15:39:35,069 - Velocimacro : messages on  : VM system will output logging messages
2013-07-12 15:39:35,069 - Velocimacro : autoload off  : VM system will not automatically reload global library macros
2013-07-12 15:39:35,069 - Velocimacro : initialization complete.
2013-07-12 15:39:35,069 - Velocity successfully started.
